<?xml version="1.0" encoding="UTF-8" standalone="yes"?><!DOCTYPE report PUBLIC "-//JACOCO//DTD Report 1.0//EN" "report.dtd"><report name="MyBatis Migrations"><sessioninfo id="BitfenixGhost-63c74ff" start="1444520748099" dump="1444520763755"/><sessioninfo id="BitfenixGhost-33813445" start="1444541395701" dump="1444541411007"/><package name="org/apache/ibatis/migration/options"><class name="org/apache/ibatis/migration/options/DatabaseOperationOption"><method name="&lt;init&gt;" desc="()V" line="18"><counter type="INSTRUCTION" missed="0" covered="12"/><counter type="LINE" missed="0" covered="4"/><counter type="COMPLEXITY" missed="0" covered="1"/><counter type="METHOD" missed="0" covered="1"/></method><method name="getChangelogTable" desc="()Ljava/lang/String;" line="40"><counter type="INSTRUCTION" missed="0" covered="8"/><counter type="BRANCH" missed="0" covered="2"/><counter type="LINE" missed="0" covered="1"/><counter type="COMPLEXITY" missed="0" covered="2"/><counter type="METHOD" missed="0" covered="1"/></method><method name="setChangelogTable" desc="(Ljava/lang/String;)V" line="44"><counter type="INSTRUCTION" missed="0" covered="4"/><counter type="LINE" missed="0" covered="2"/><counter type="COMPLEXITY" missed="0" covered="1"/><counter type="METHOD" missed="0" covered="1"/></method><method name="isStopOnError" desc="()Z" line="48"><counter type="INSTRUCTION" missed="0" covered="3"/><counter type="LINE" missed="0" covered="1"/><counter type="COMPLEXITY" missed="0" covered="1"/><counter type="METHOD" missed="0" covered="1"/></method><method name="setStopOnError" desc="(Z)V" line="52"><counter type="INSTRUCTION" missed="0" covered="4"/><counter type="LINE" missed="0" covered="2"/><counter type="COMPLEXITY" missed="0" covered="1"/><counter type="METHOD" missed="0" covered="1"/></method><method name="isAutoCommit" desc="()Z" line="56"><counter type="INSTRUCTION" missed="0" covered="3"/><counter type="LINE" missed="0" covered="1"/><counter type="COMPLEXITY" missed="0" covered="1"/><counter type="METHOD" missed="0" covered="1"/></method><method name="setAutoCommit" desc="(Z)V" line="60"><counter type="INSTRUCTION" missed="0" covered="4"/><counter type="LINE" missed="0" covered="2"/><counter type="COMPLEXITY" missed="0" covered="1"/><counter type="METHOD" missed="0" covered="1"/></method><method name="isSendFullScript" desc="()Z" line="64"><counter type="INSTRUCTION" missed="0" covered="3"/><counter type="LINE" missed="0" covered="1"/><counter type="COMPLEXITY" missed="0" covered="1"/><counter type="METHOD" missed="0" covered="1"/></method><method name="setSendFullScript" desc="(Z)V" line="68"><counter type="INSTRUCTION" missed="0" covered="4"/><counter type="LINE" missed="0" covered="2"/><counter type="COMPLEXITY" missed="0" covered="1"/><counter type="METHOD" missed="0" covered="1"/></method><method name="isRemoveCRs" desc="()Z" line="72"><counter type="INSTRUCTION" missed="0" covered="3"/><counter type="LINE" missed="0" covered="1"/><counter type="COMPLEXITY" missed="0" covered="1"/><counter type="METHOD" missed="0" covered="1"/></method><method name="setRemoveCRs" desc="(Z)V" line="76"><counter type="INSTRUCTION" missed="0" covered="4"/><counter type="LINE" missed="0" covered="2"/><counter type="COMPLEXITY" missed="0" covered="1"/><counter type="METHOD" missed="0" covered="1"/></method><method name="isEscapeProcessing" desc="()Z" line="80"><counter type="INSTRUCTION" missed="3" covered="0"/><counter type="LINE" missed="1" covered="0"/><counter type="COMPLEXITY" missed="1" covered="0"/><counter type="METHOD" missed="1" covered="0"/></method><method name="setEscapeProcessing" desc="(Z)V" line="84"><counter type="INSTRUCTION" missed="0" covered="4"/><counter type="LINE" missed="0" covered="2"/><counter type="COMPLEXITY" missed="0" covered="1"/><counter type="METHOD" missed="0" covered="1"/></method><method name="isFullLineDelimiter" desc="()Z" line="88"><counter type="INSTRUCTION" missed="0" covered="3"/><counter type="LINE" missed="0" covered="1"/><counter type="COMPLEXITY" missed="0" covered="1"/><counter type="METHOD" missed="0" covered="1"/></method><method name="setFullLineDelimiter" desc="(Z)V" line="92"><counter type="INSTRUCTION" missed="0" covered="4"/><counter type="LINE" missed="0" covered="2"/><counter type="COMPLEXITY" missed="0" covered="1"/><counter type="METHOD" missed="0" covered="1"/></method><method name="getDelimiter" desc="()Ljava/lang/String;" line="96"><counter type="INSTRUCTION" missed="0" covered="8"/><counter type="BRANCH" missed="0" covered="2"/><counter type="LINE" missed="0" covered="1"/><counter type="COMPLEXITY" missed="0" covered="2"/><counter type="METHOD" missed="0" covered="1"/></method><method name="setDelimiter" desc="(Ljava/lang/String;)V" line="100"><counter type="INSTRUCTION" missed="0" covered="4"/><counter type="LINE" missed="0" covered="2"/><counter type="COMPLEXITY" missed="0" covered="1"/><counter type="METHOD" missed="0" covered="1"/></method><counter type="INSTRUCTION" missed="3" covered="75"/><counter type="BRANCH" missed="0" covered="4"/><counter type="LINE" missed="1" covered="27"/><counter type="COMPLEXITY" missed="1" covered="18"/><counter type="METHOD" missed="1" covered="16"/><counter type="CLASS" missed="0" covered="1"/></class><class name="org/apache/ibatis/migration/options/SelectedOptions"><method name="&lt;init&gt;" desc="()V" line="18"><counter type="INSTRUCTION" missed="0" covered="11"/><counter type="LINE" missed="0" covered="3"/><counter type="COMPLEXITY" missed="0" covered="1"/><counter type="METHOD" missed="0" covered="1"/></method><method name="getPaths" desc="()Lorg/apache/ibatis/migration/options/SelectedPaths;" line="29"><counter type="INSTRUCTION" missed="0" covered="3"/><counter type="LINE" missed="0" covered="1"/><counter type="COMPLEXITY" missed="0" covered="1"/><counter type="METHOD" missed="0" covered="1"/></method><method name="getEnvironment" desc="()Ljava/lang/String;" line="33"><counter type="INSTRUCTION" missed="0" covered="3"/><counter type="LINE" missed="0" covered="1"/><counter type="COMPLEXITY" missed="0" covered="1"/><counter type="METHOD" missed="0" covered="1"/></method><method name="setEnvironment" desc="(Ljava/lang/String;)V" line="37"><counter type="INSTRUCTION" missed="0" covered="4"/><counter type="LINE" missed="0" covered="2"/><counter type="COMPLEXITY" missed="0" covered="1"/><counter type="METHOD" missed="0" covered="1"/></method><method name="getTemplate" desc="()Ljava/lang/String;" line="41"><counter type="INSTRUCTION" missed="0" covered="3"/><counter type="LINE" missed="0" covered="1"/><counter type="COMPLEXITY" missed="0" covered="1"/><counter type="METHOD" missed="0" covered="1"/></method><method name="setTemplate" desc="(Ljava/lang/String;)V" line="45"><counter type="INSTRUCTION" missed="0" covered="4"/><counter type="LINE" missed="0" covered="2"/><counter type="COMPLEXITY" missed="0" covered="1"/><counter type="METHOD" missed="0" covered="1"/></method><method name="isForce" desc="()Z" line="49"><counter type="INSTRUCTION" missed="0" covered="3"/><counter type="LINE" missed="0" covered="1"/><counter type="COMPLEXITY" missed="0" covered="1"/><counter type="METHOD" missed="0" covered="1"/></method><method name="setForce" desc="(Z)V" line="53"><counter type="INSTRUCTION" missed="0" covered="4"/><counter type="LINE" missed="0" covered="2"/><counter type="COMPLEXITY" missed="0" covered="1"/><counter type="METHOD" missed="0" covered="1"/></method><method name="isTrace" desc="()Z" line="57"><counter type="INSTRUCTION" missed="0" covered="3"/><counter type="LINE" missed="0" covered="1"/><counter type="COMPLEXITY" missed="0" covered="1"/><counter type="METHOD" missed="0" covered="1"/></method><method name="setTrace" desc="(Z)V" line="61"><counter type="INSTRUCTION" missed="0" covered="4"/><counter type="LINE" missed="0" covered="2"/><counter type="COMPLEXITY" missed="0" covered="1"/><counter type="METHOD" missed="0" covered="1"/></method><method name="getCommand" desc="()Ljava/lang/String;" line="65"><counter type="INSTRUCTION" missed="0" covered="3"/><counter type="LINE" missed="0" covered="1"/><counter type="COMPLEXITY" missed="0" covered="1"/><counter type="METHOD" missed="0" covered="1"/></method><method name="setCommand" desc="(Ljava/lang/String;)V" line="69"><counter type="INSTRUCTION" missed="0" covered="4"/><counter type="LINE" missed="0" covered="2"/><counter type="COMPLEXITY" missed="0" covered="1"/><counter type="METHOD" missed="0" covered="1"/></method><method name="getParams" desc="()Ljava/lang/String;" line="73"><counter type="INSTRUCTION" missed="0" covered="3"/><counter type="LINE" missed="0" covered="1"/><counter type="COMPLEXITY" missed="0" covered="1"/><counter type="METHOD" missed="0" covered="1"/></method><method name="setParams" desc="(Ljava/lang/String;)V" line="77"><counter type="INSTRUCTION" missed="0" covered="4"/><counter type="LINE" missed="0" covered="2"/><counter type="COMPLEXITY" missed="0" covered="1"/><counter type="METHOD" missed="0" covered="1"/></method><method name="needsHelp" desc="()Z" line="81"><counter type="INSTRUCTION" missed="0" covered="3"/><counter type="LINE" missed="0" covered="1"/><counter type="COMPLEXITY" missed="0" covered="1"/><counter type="METHOD" missed="0" covered="1"/></method><method name="setHelp" desc="(Z)V" line="85"><counter type="INSTRUCTION" missed="0" covered="4"/><counter type="LINE" missed="0" covered="2"/><counter type="COMPLEXITY" missed="0" covered="1"/><counter type="METHOD" missed="0" covered="1"/></method><counter type="INSTRUCTION" missed="0" covered="63"/><counter type="LINE" missed="0" covered="25"/><counter type="COMPLEXITY" missed="0" covered="16"/><counter type="METHOD" missed="0" covered="16"/><counter type="CLASS" missed="0" covered="1"/></class><class name="org/apache/ibatis/migration/options/Options"><method name="values" desc="()[Lorg/apache/ibatis/migration/options/Options;" line="18"><counter type="INSTRUCTION" missed="0" covered="4"/><counter type="LINE" missed="0" covered="1"/><counter type="COMPLEXITY" missed="0" covered="1"/><counter type="METHOD" missed="0" covered="1"/></method><method name="valueOf" desc="(Ljava/lang/String;)Lorg/apache/ibatis/migration/options/Options;" line="18"><counter type="INSTRUCTION" missed="0" covered="5"/><counter type="LINE" missed="0" covered="1"/><counter type="COMPLEXITY" missed="0" covered="1"/><counter type="METHOD" missed="0" covered="1"/></method><method name="&lt;init&gt;" desc="(Ljava/lang/String;I)V" line="18"><counter type="INSTRUCTION" missed="0" covered="5"/><counter type="LINE" missed="0" covered="1"/><counter type="COMPLEXITY" missed="0" covered="1"/><counter type="METHOD" missed="0" covered="1"/></method><method name="&lt;clinit&gt;" desc="()V" line="18"><counter type="INSTRUCTION" missed="0" covered="94"/><counter type="LINE" missed="0" covered="10"/><counter type="COMPLEXITY" missed="0" covered="1"/><counter type="METHOD" missed="0" covered="1"/></method><counter type="INSTRUCTION" missed="0" covered="108"/><counter type="LINE" missed="0" covered="10"/><counter type="COMPLEXITY" missed="0" covered="4"/><counter type="METHOD" missed="0" covered="4"/><counter type="CLASS" missed="0" covered="1"/></class><class name="org/apache/ibatis/migration/options/OptionsParser$1"><method name="&lt;clinit&gt;" desc="()V" line="56"><counter type="INSTRUCTION" missed="9" covered="59"/><counter type="LINE" missed="0" covered="1"/><counter type="COMPLEXITY" missed="0" covered="1"/><counter type="METHOD" missed="0" covered="1"/></method><counter type="INSTRUCTION" missed="9" covered="59"/><counter type="LINE" missed="0" covered="1"/><counter type="COMPLEXITY" missed="0" covered="1"/><counter type="METHOD" missed="0" covered="1"/><counter type="CLASS" missed="0" covered="1"/></class><class name="org/apache/ibatis/migration/options/OptionsParser"><method name="values" desc="()[Lorg/apache/ibatis/migration/options/OptionsParser;" line="22"><counter type="INSTRUCTION" missed="4" covered="0"/><counter type="LINE" missed="1" covered="0"/><counter type="COMPLEXITY" missed="1" covered="0"/><counter type="METHOD" missed="1" covered="0"/></method><method name="valueOf" desc="(Ljava/lang/String;)Lorg/apache/ibatis/migration/options/OptionsParser;" line="22"><counter type="INSTRUCTION" missed="5" covered="0"/><counter type="LINE" missed="1" covered="0"/><counter type="COMPLEXITY" missed="1" covered="0"/><counter type="METHOD" missed="1" covered="0"/></method><method name="&lt;init&gt;" desc="(Ljava/lang/String;I)V" line="22"><counter type="INSTRUCTION" missed="5" covered="0"/><counter type="LINE" missed="2" covered="0"/><counter type="COMPLEXITY" missed="1" covered="0"/><counter type="METHOD" missed="1" covered="0"/></method><method name="parse" desc="([Ljava/lang/String;)Lorg/apache/ibatis/migration/options/SelectedOptions;" line="26"><counter type="INSTRUCTION" missed="0" covered="35"/><counter type="BRANCH" missed="0" covered="4"/><counter type="LINE" missed="0" covered="7"/><counter type="COMPLEXITY" missed="0" covered="3"/><counter type="METHOD" missed="0" covered="1"/></method><method name="setCommandOrAppendParams" desc="(Ljava/lang/String;Lorg/apache/ibatis/migration/options/SelectedOptions;)V" line="41"><counter type="INSTRUCTION" missed="0" covered="28"/><counter type="BRANCH" missed="0" covered="4"/><counter type="LINE" missed="0" covered="5"/><counter type="COMPLEXITY" missed="0" covered="3"/><counter type="METHOD" missed="0" covered="1"/></method><method name="parseOptions" desc="(Ljava/lang/String;Lorg/apache/ibatis/migration/options/SelectedOptions;)Z" line="50"><counter type="INSTRUCTION" missed="0" covered="87"/><counter type="BRANCH" missed="2" covered="10"/><counter type="LINE" missed="0" covered="23"/><counter type="COMPLEXITY" missed="2" covered="9"/><counter type="METHOD" missed="0" covered="1"/></method><method name="&lt;clinit&gt;" desc="()V" line="22"><counter type="INSTRUCTION" missed="0" covered="4"/><counter type="LINE" missed="0" covered="1"/><counter type="COMPLEXITY" missed="0" covered="1"/><counter type="METHOD" missed="0" covered="1"/></method><counter type="INSTRUCTION" missed="14" covered="154"/><counter type="BRANCH" missed="2" covered="18"/><counter type="LINE" missed="1" covered="36"/><counter type="COMPLEXITY" missed="5" covered="16"/><counter type="METHOD" missed="3" covered="4"/><counter type="CLASS" missed="0" covered="1"/></class><class name="org/apache/ibatis/migration/options/SelectedPaths"><method name="&lt;init&gt;" desc="()V" line="22"><counter type="INSTRUCTION" missed="0" covered="9"/><counter type="LINE" missed="0" covered="2"/><counter type="COMPLEXITY" missed="0" covered="1"/><counter type="METHOD" missed="0" covered="1"/></method><method name="getBasePath" desc="()Ljava/io/File;" line="29"><counter type="INSTRUCTION" missed="0" covered="3"/><counter type="LINE" missed="0" covered="1"/><counter type="COMPLEXITY" missed="0" covered="1"/><counter type="METHOD" missed="0" covered="1"/></method><method name="getEnvPath" desc="()Ljava/io/File;" line="33"><counter type="INSTRUCTION" missed="0" covered="11"/><counter type="BRANCH" missed="0" covered="2"/><counter type="LINE" missed="0" covered="1"/><counter type="COMPLEXITY" missed="0" covered="2"/><counter type="METHOD" missed="0" covered="1"/></method><method name="getScriptPath" desc="()Ljava/io/File;" line="37"><counter type="INSTRUCTION" missed="0" covered="11"/><counter type="BRANCH" missed="0" covered="2"/><counter type="LINE" missed="0" covered="1"/><counter type="COMPLEXITY" missed="0" covered="2"/><counter type="METHOD" missed="0" covered="1"/></method><method name="getDriverPath" desc="()Ljava/io/File;" line="41"><counter type="INSTRUCTION" missed="0" covered="11"/><counter type="BRANCH" missed="0" covered="2"/><counter type="LINE" missed="0" covered="1"/><counter type="COMPLEXITY" missed="0" covered="2"/><counter type="METHOD" missed="0" covered="1"/></method><method name="setBasePath" desc="(Ljava/io/File;)V" line="45"><counter type="INSTRUCTION" missed="0" covered="4"/><counter type="LINE" missed="0" covered="2"/><counter type="COMPLEXITY" missed="0" covered="1"/><counter type="METHOD" missed="0" covered="1"/></method><method name="setEnvPath" desc="(Ljava/io/File;)V" line="49"><counter type="INSTRUCTION" missed="0" covered="4"/><counter type="LINE" missed="0" covered="2"/><counter type="COMPLEXITY" missed="0" covered="1"/><counter type="METHOD" missed="0" covered="1"/></method><method name="setScriptPath" desc="(Ljava/io/File;)V" line="53"><counter type="INSTRUCTION" missed="0" covered="4"/><counter type="LINE" missed="0" covered="2"/><counter type="COMPLEXITY" missed="0" covered="1"/><counter type="METHOD" missed="0" covered="1"/></method><method name="setDriverPath" desc="(Ljava/io/File;)V" line="57"><counter type="INSTRUCTION" missed="0" covered="4"/><counter type="LINE" missed="0" covered="2"/><counter type="COMPLEXITY" missed="0" covered="1"/><counter type="METHOD" missed="0" covered="1"/></method><counter type="INSTRUCTION" missed="0" covered="61"/><counter type="BRANCH" missed="0" covered="6"/><counter type="LINE" missed="0" covered="14"/><counter type="COMPLEXITY" missed="0" covered="12"/><counter type="METHOD" missed="0" covered="9"/><counter type="CLASS" missed="0" covered="1"/></class><sourcefile name="DatabaseOperationOption.java"><line nr="18" mi="0" ci="2" mb="0" cb="0"/><line nr="25" mi="0" ci="3" mb="0" cb="0"/><line nr="33" mi="0" ci="3" mb="0" cb="0"/><line nr="35" mi="0" ci="4" mb="0" cb="0"/><line nr="40" mi="0" ci="8" mb="0" cb="2"/><line nr="44" mi="0" ci="3" mb="0" cb="0"/><line nr="45" mi="0" ci="1" mb="0" cb="0"/><line nr="48" mi="0" ci="3" mb="0" cb="0"/><line nr="52" mi="0" ci="3" mb="0" cb="0"/><line nr="53" mi="0" ci="1" mb="0" cb="0"/><line nr="56" mi="0" ci="3" mb="0" cb="0"/><line nr="60" mi="0" ci="3" mb="0" cb="0"/><line nr="61" mi="0" ci="1" mb="0" cb="0"/><line nr="64" mi="0" ci="3" mb="0" cb="0"/><line nr="68" mi="0" ci="3" mb="0" cb="0"/><line nr="69" mi="0" ci="1" mb="0" cb="0"/><line nr="72" mi="0" ci="3" mb="0" cb="0"/><line nr="76" mi="0" ci="3" mb="0" cb="0"/><line nr="77" mi="0" ci="1" mb="0" cb="0"/><line nr="80" mi="3" ci="0" mb="0" cb="0"/><line nr="84" mi="0" ci="3" mb="0" cb="0"/><line nr="85" mi="0" ci="1" mb="0" cb="0"/><line nr="88" mi="0" ci="3" mb="0" cb="0"/><line nr="92" mi="0" ci="3" mb="0" cb="0"/><line nr="93" mi="0" ci="1" mb="0" cb="0"/><line nr="96" mi="0" ci="8" mb="0" cb="2"/><line nr="100" mi="0" ci="3" mb="0" cb="0"/><line nr="101" mi="0" ci="1" mb="0" cb="0"/><counter type="INSTRUCTION" missed="3" covered="75"/><counter type="BRANCH" missed="0" covered="4"/><counter type="LINE" missed="1" covered="27"/><counter type="COMPLEXITY" missed="1" covered="18"/><counter type="METHOD" missed="1" covered="16"/><counter type="CLASS" missed="0" covered="1"/></sourcefile><sourcefile name="OptionsParser.java"><line nr="22" mi="13" ci="4" mb="0" cb="0"/><line nr="26" mi="0" ci="4" mb="0" cb="0"/><line nr="28" mi="0" ci="16" mb="0" cb="2"/><line nr="29" mi="0" ci="3" mb="0" cb="0"/><line nr="30" mi="0" ci="2" mb="0" cb="2"/><line nr="31" mi="0" ci="5" mb="0" cb="0"/><line nr="33" mi="0" ci="3" mb="0" cb="0"/><line nr="37" mi="0" ci="2" mb="0" cb="0"/><line nr="41" mi="0" ci="3" mb="0" cb="2"/><line nr="42" mi="0" ci="4" mb="0" cb="0"/><line nr="44" mi="0" ci="17" mb="0" cb="2"/><line nr="45" mi="0" ci="3" mb="0" cb="0"/><line nr="47" mi="0" ci="1" mb="0" cb="0"/><line nr="50" mi="0" ci="3" mb="0" cb="0"/><line nr="52" mi="0" ci="2" mb="1" cb="1"/><line nr="53" mi="0" ci="6" mb="0" cb="0"/><line nr="54" mi="0" ci="6" mb="0" cb="0"/><line nr="56" mi="9" ci="64" mb="1" cb="9"/><line nr="58" mi="0" ci="9" mb="0" cb="0"/><line nr="59" mi="0" ci="1" mb="0" cb="0"/><line nr="61" mi="0" ci="9" mb="0" cb="0"/><line nr="62" mi="0" ci="1" mb="0" cb="0"/><line nr="64" mi="0" ci="9" mb="0" cb="0"/><line nr="65" mi="0" ci="1" mb="0" cb="0"/><line nr="67" mi="0" ci="9" mb="0" cb="0"/><line nr="68" mi="0" ci="1" mb="0" cb="0"/><line nr="70" mi="0" ci="5" mb="0" cb="0"/><line nr="71" mi="0" ci="1" mb="0" cb="0"/><line nr="73" mi="0" ci="3" mb="0" cb="0"/><line nr="74" mi="0" ci="1" mb="0" cb="0"/><line nr="76" mi="0" ci="3" mb="0" cb="0"/><line nr="77" mi="0" ci="1" mb="0" cb="0"/><line nr="79" mi="0" ci="3" mb="0" cb="0"/><line nr="80" mi="0" ci="1" mb="0" cb="0"/><line nr="82" mi="0" ci="5" mb="0" cb="0"/><line nr="83" mi="1" ci="0" mb="0" cb="0"/><line nr="87" mi="0" ci="2" mb="0" cb="0"/><counter type="INSTRUCTION" missed="23" covered="213"/><counter type="BRANCH" missed="2" covered="18"/><counter type="LINE" missed="1" covered="36"/><counter type="COMPLEXITY" missed="5" covered="17"/><counter type="METHOD" missed="3" covered="5"/><counter type="CLASS" missed="0" covered="2"/></sourcefile><sourcefile name="SelectedPaths.java"><line nr="22" mi="0" ci="2" mb="0" cb="0"/><line nr="23" mi="0" ci="7" mb="0" cb="0"/><line nr="29" mi="0" ci="3" mb="0" cb="0"/><line nr="33" mi="0" ci="11" mb="0" cb="2"/><line nr="37" mi="0" ci="11" mb="0" cb="2"/><line nr="41" mi="0" ci="11" mb="0" cb="2"/><line nr="45" mi="0" ci="3" mb="0" cb="0"/><line nr="46" mi="0" ci="1" mb="0" cb="0"/><line nr="49" mi="0" ci="3" mb="0" cb="0"/><line nr="50" mi="0" ci="1" mb="0" cb="0"/><line nr="53" mi="0" ci="3" mb="0" cb="0"/><line nr="54" mi="0" ci="1" mb="0" cb="0"/><line nr="57" mi="0" ci="3" mb="0" cb="0"/><line nr="58" mi="0" ci="1" mb="0" cb="0"/><counter type="INSTRUCTION" missed="0" covered="61"/><counter type="BRANCH" missed="0" covered="6"/><counter type="LINE" missed="0" covered="14"/><counter type="COMPLEXITY" missed="0" covered="12"/><counter type="METHOD" missed="0" covered="9"/><counter type="CLASS" missed="0" covered="1"/></sourcefile><sourcefile name="SelectedOptions.java"><line nr="18" mi="0" ci="2" mb="0" cb="0"/><line nr="19" mi="0" ci="5" mb="0" cb="0"/><line nr="20" mi="0" ci="4" mb="0" cb="0"/><line nr="29" mi="0" ci="3" mb="0" cb="0"/><line nr="33" mi="0" ci="3" mb="0" cb="0"/><line nr="37" mi="0" ci="3" mb="0" cb="0"/><line nr="38" mi="0" ci="1" mb="0" cb="0"/><line nr="41" mi="0" ci="3" mb="0" cb="0"/><line nr="45" mi="0" ci="3" mb="0" cb="0"/><line nr="46" mi="0" ci="1" mb="0" cb="0"/><line nr="49" mi="0" ci="3" mb="0" cb="0"/><line nr="53" mi="0" ci="3" mb="0" cb="0"/><line nr="54" mi="0" ci="1" mb="0" cb="0"/><line nr="57" mi="0" ci="3" mb="0" cb="0"/><line nr="61" mi="0" ci="3" mb="0" cb="0"/><line nr="62" mi="0" ci="1" mb="0" cb="0"/><line nr="65" mi="0" ci="3" mb="0" cb="0"/><line nr="69" mi="0" ci="3" mb="0" cb="0"/><line nr="70" mi="0" ci="1" mb="0" cb="0"/><line nr="73" mi="0" ci="3" mb="0" cb="0"/><line nr="77" mi="0" ci="3" mb="0" cb="0"/><line nr="78" mi="0" ci="1" mb="0" cb="0"/><line nr="81" mi="0" ci="3" mb="0" cb="0"/><line nr="85" mi="0" ci="3" mb="0" cb="0"/><line nr="86" mi="0" ci="1" mb="0" cb="0"/><counter type="INSTRUCTION" missed="0" covered="63"/><counter type="LINE" missed="0" covered="25"/><counter type="COMPLEXITY" missed="0" covered="16"/><counter type="METHOD" missed="0" covered="16"/><counter type="CLASS" missed="0" covered="1"/></sourcefile><sourcefile name="Options.java"><line nr="18" mi="0" ci="54" mb="0" cb="0"/><line nr="19" mi="0" ci="6" mb="0" cb="0"/><line nr="20" mi="0" ci="6" mb="0" cb="0"/><line nr="21" mi="0" ci="6" mb="0" cb="0"/><line nr="22" mi="0" ci="6" mb="0" cb="0"/><line nr="23" mi="0" ci="6" mb="0" cb="0"/><line nr="24" mi="0" ci="6" mb="0" cb="0"/><line nr="25" mi="0" ci="6" mb="0" cb="0"/><line nr="26" mi="0" ci="6" mb="0" cb="0"/><line nr="27" mi="0" ci="6" mb="0" cb="0"/><counter type="INSTRUCTION" missed="0" covered="108"/><counter type="LINE" missed="0" covered="10"/><counter type="COMPLEXITY" missed="0" covered="4"/><counter type="METHOD" missed="0" covered="4"/><counter type="CLASS" missed="0" covered="1"/></sourcefile><counter type="INSTRUCTION" missed="26" covered="520"/><counter type="BRANCH" missed="2" covered="28"/><counter type="LINE" missed="2" covered="112"/><counter type="COMPLEXITY" missed="6" covered="67"/><counter type="METHOD" missed="4" covered="50"/><counter type="CLASS" missed="0" covered="6"/></package><package name="org/apache/ibatis/migration/operations"><class name="org/apache/ibatis/migration/operations/UpOperation"><method name="&lt;init&gt;" desc="()V" line="33"><counter type="INSTRUCTION" missed="0" covered="6"/><counter type="LINE" missed="0" covered="3"/><counter type="COMPLEXITY" missed="0" covered="1"/><counter type="METHOD" missed="0" covered="1"/></method><method name="&lt;init&gt;" desc="(Ljava/lang/Integer;)V" line="38"><counter type="INSTRUCTION" missed="5" covered="12"/><counter type="BRANCH" missed="2" covered="2"/><counter type="LINE" missed="1" covered="4"/><counter type="COMPLEXITY" missed="2" covered="1"/><counter type="METHOD" missed="0" covered="1"/></method><method name="operate" desc="(Lorg/apache/ibatis/migration/ConnectionProvider;Lorg/apache/ibatis/migration/MigrationLoader;Lorg/apache/ibatis/migration/options/DatabaseOperationOption;Ljava/io/PrintStream;)Lorg/apache/ibatis/migration/operations/UpOperation;" line="48"><counter type="INSTRUCTION" missed="23" covered="90"/><counter type="BRANCH" missed="1" covered="13"/><counter type="LINE" missed="3" covered="21"/><counter type="COMPLEXITY" missed="1" covered="7"/><counter type="METHOD" missed="0" covered="1"/></method><counter type="INSTRUCTION" missed="28" covered="108"/><counter type="BRANCH" missed="3" covered="15"/><counter type="LINE" missed="4" covered="28"/><counter type="COMPLEXITY" missed="3" covered="9"/><counter type="METHOD" missed="0" covered="3"/><counter type="CLASS" missed="0" covered="1"/></class><class name="org/apache/ibatis/migration/operations/BootstrapOperation"><method name="&lt;init&gt;" desc="()V" line="31"><counter type="INSTRUCTION" missed="0" covered="4"/><counter type="LINE" missed="0" covered="2"/><counter type="COMPLEXITY" missed="0" covered="1"/><counter type="METHOD" missed="0" covered="1"/></method><method name="&lt;init&gt;" desc="(Z)V" line="35"><counter type="INSTRUCTION" missed="0" covered="6"/><counter type="LINE" missed="0" covered="3"/><counter type="COMPLEXITY" missed="0" covered="1"/><counter type="METHOD" missed="0" covered="1"/></method><method name="operate" desc="(Lorg/apache/ibatis/migration/ConnectionProvider;Lorg/apache/ibatis/migration/MigrationLoader;Lorg/apache/ibatis/migration/options/DatabaseOperationOption;Ljava/io/PrintStream;)Lorg/apache/ibatis/migration/operations/BootstrapOperation;" line="42"><counter type="INSTRUCTION" missed="27" covered="45"/><counter type="BRANCH" missed="3" covered="5"/><counter type="LINE" missed="4" covered="13"/><counter type="COMPLEXITY" missed="3" covered="2"/><counter type="METHOD" missed="0" covered="1"/></method><counter type="INSTRUCTION" missed="27" covered="55"/><counter type="BRANCH" missed="3" covered="5"/><counter type="LINE" missed="4" covered="18"/><counter type="COMPLEXITY" missed="3" covered="4"/><counter type="METHOD" missed="0" covered="3"/><counter type="CLASS" missed="0" covered="1"/></class><class name="org/apache/ibatis/migration/operations/VersionOperation"><method name="&lt;init&gt;" desc="(Ljava/math/BigDecimal;)V" line="32"><counter type="INSTRUCTION" missed="5" covered="8"/><counter type="BRANCH" missed="1" covered="1"/><counter type="LINE" missed="1" covered="4"/><counter type="COMPLEXITY" missed="1" covered="1"/><counter type="METHOD" missed="0" covered="1"/></method><method name="operate" desc="(Lorg/apache/ibatis/migration/ConnectionProvider;Lorg/apache/ibatis/migration/MigrationLoader;Lorg/apache/ibatis/migration/options/DatabaseOperationOption;Ljava/io/PrintStream;)Lorg/apache/ibatis/migration/operations/VersionOperation;" line="41"><counter type="INSTRUCTION" missed="16" covered="105"/><counter type="BRANCH" missed="3" covered="9"/><counter type="LINE" missed="2" covered="18"/><counter type="COMPLEXITY" missed="3" covered="4"/><counter type="METHOD" missed="0" covered="1"/></method><method name="ensureVersionExists" desc="(Lorg/apache/ibatis/migration/MigrationLoader;)V" line="68"><counter type="INSTRUCTION" missed="5" covered="12"/><counter type="BRANCH" missed="1" covered="1"/><counter type="LINE" missed="1" covered="3"/><counter type="COMPLEXITY" missed="1" covered="1"/><counter type="METHOD" missed="0" covered="1"/></method><counter type="INSTRUCTION" missed="26" covered="125"/><counter type="BRANCH" missed="5" covered="11"/><counter type="LINE" missed="4" covered="25"/><counter type="COMPLEXITY" missed="5" covered="6"/><counter type="METHOD" missed="0" covered="3"/><counter type="CLASS" missed="0" covered="1"/></class><class name="org/apache/ibatis/migration/operations/StatusOperation"><method name="&lt;init&gt;" desc="()V" line="28"><counter type="INSTRUCTION" missed="0" covered="3"/><counter type="LINE" missed="0" covered="1"/><counter type="COMPLEXITY" missed="0" covered="1"/><counter type="METHOD" missed="0" covered="1"/></method><method name="operate" desc="(Lorg/apache/ibatis/migration/ConnectionProvider;Lorg/apache/ibatis/migration/MigrationLoader;Lorg/apache/ibatis/migration/options/DatabaseOperationOption;Ljava/io/PrintStream;)Lorg/apache/ibatis/migration/operations/StatusOperation;" line="37"><counter type="INSTRUCTION" missed="4" covered="109"/><counter type="BRANCH" missed="1" covered="9"/><counter type="LINE" missed="1" covered="24"/><counter type="COMPLEXITY" missed="1" covered="5"/><counter type="METHOD" missed="0" covered="1"/></method><method name="getAppliedCount" desc="()I" line="69"><counter type="INSTRUCTION" missed="0" covered="3"/><counter type="LINE" missed="0" covered="1"/><counter type="COMPLEXITY" missed="0" covered="1"/><counter type="METHOD" missed="0" covered="1"/></method><method name="getPendingCount" desc="()I" line="73"><counter type="INSTRUCTION" missed="0" covered="3"/><counter type="LINE" missed="0" covered="1"/><counter type="COMPLEXITY" missed="0" covered="1"/><counter type="METHOD" missed="0" covered="1"/></method><method name="getCurrentStatus" desc="()Ljava/util/List;" line="77"><counter type="INSTRUCTION" missed="0" covered="3"/><counter type="LINE" missed="0" covered="1"/><counter type="COMPLEXITY" missed="0" covered="1"/><counter type="METHOD" missed="0" covered="1"/></method><counter type="INSTRUCTION" missed="4" covered="121"/><counter type="BRANCH" missed="1" covered="9"/><counter type="LINE" missed="1" covered="28"/><counter type="COMPLEXITY" missed="1" covered="9"/><counter type="METHOD" missed="0" covered="5"/><counter type="CLASS" missed="0" covered="1"/></class><class name="org/apache/ibatis/migration/operations/PendingOperation"><method name="&lt;init&gt;" desc="()V" line="30"><counter type="INSTRUCTION" missed="0" covered="3"/><counter type="LINE" missed="0" covered="1"/><counter type="COMPLEXITY" missed="0" covered="1"/><counter type="METHOD" missed="0" covered="1"/></method><method name="operate" desc="(Lorg/apache/ibatis/migration/ConnectionProvider;Lorg/apache/ibatis/migration/MigrationLoader;Lorg/apache/ibatis/migration/options/DatabaseOperationOption;Ljava/io/PrintStream;)Lorg/apache/ibatis/migration/operations/PendingOperation;" line="35"><counter type="INSTRUCTION" missed="28" covered="68"/><counter type="BRANCH" missed="2" covered="4"/><counter type="LINE" missed="4" covered="14"/><counter type="COMPLEXITY" missed="2" covered="2"/><counter type="METHOD" missed="0" covered="1"/></method><method name="getPendingChanges" desc="(Lorg/apache/ibatis/migration/ConnectionProvider;Lorg/apache/ibatis/migration/MigrationLoader;Lorg/apache/ibatis/migration/options/DatabaseOperationOption;)Ljava/util/List;" line="61"><counter type="INSTRUCTION" missed="0" covered="37"/><counter type="BRANCH" missed="0" covered="4"/><counter type="LINE" missed="0" covered="10"/><counter type="COMPLEXITY" missed="0" covered="3"/><counter type="METHOD" missed="0" covered="1"/></method><counter type="INSTRUCTION" missed="28" covered="108"/><counter type="BRANCH" missed="2" covered="8"/><counter type="LINE" missed="4" covered="25"/><counter type="COMPLEXITY" missed="2" covered="6"/><counter type="METHOD" missed="0" covered="3"/><counter type="CLASS" missed="0" covered="1"/></class><class name="org/apache/ibatis/migration/operations/DatabaseOperation"><method name="&lt;init&gt;" desc="()V" line="35"><counter type="INSTRUCTION" missed="0" covered="3"/><counter type="LINE" missed="0" covered="1"/><counter type="COMPLEXITY" missed="0" covered="1"/><counter type="METHOD" missed="0" covered="1"/></method><method name="insertChangelog" desc="(Lorg/apache/ibatis/migration/Change;Lorg/apache/ibatis/migration/ConnectionProvider;Lorg/apache/ibatis/migration/options/DatabaseOperationOption;)V" line="40"><counter type="INSTRUCTION" missed="19" covered="42"/><counter type="LINE" missed="2" covered="6"/><counter type="COMPLEXITY" missed="0" covered="1"/><counter type="METHOD" missed="0" covered="1"/></method><method name="getLastAppliedChange" desc="(Lorg/apache/ibatis/migration/ConnectionProvider;Lorg/apache/ibatis/migration/options/DatabaseOperationOption;)Lorg/apache/ibatis/migration/Change;" line="52"><counter type="INSTRUCTION" missed="2" covered="16"/><counter type="BRANCH" missed="1" covered="1"/><counter type="LINE" missed="0" covered="2"/><counter type="COMPLEXITY" missed="1" covered="1"/><counter type="METHOD" missed="0" covered="1"/></method><method name="getChangelog" desc="(Lorg/apache/ibatis/migration/ConnectionProvider;Lorg/apache/ibatis/migration/options/DatabaseOperationOption;)Ljava/util/List;" line="57"><counter type="INSTRUCTION" missed="25" covered="80"/><counter type="BRANCH" missed="3" covered="5"/><counter type="LINE" missed="2" covered="11"/><counter type="COMPLEXITY" missed="3" covered="2"/><counter type="METHOD" missed="0" covered="1"/></method><method name="changelogExists" desc="(Lorg/apache/ibatis/migration/ConnectionProvider;Lorg/apache/ibatis/migration/options/DatabaseOperationOption;)Z" line="76"><counter type="INSTRUCTION" missed="5" covered="31"/><counter type="LINE" missed="0" covered="6"/><counter type="COMPLEXITY" missed="0" covered="1"/><counter type="METHOD" missed="0" covered="1"/></method><method name="getSqlRunner" desc="(Lorg/apache/ibatis/migration/ConnectionProvider;)Lorg/apache/ibatis/jdbc/SqlRunner;" line="89"><counter type="INSTRUCTION" missed="14" covered="6"/><counter type="LINE" missed="2" covered="1"/><counter type="COMPLEXITY" missed="0" covered="1"/><counter type="METHOD" missed="0" covered="1"/></method><method name="getScriptRunner" desc="(Lorg/apache/ibatis/migration/ConnectionProvider;Lorg/apache/ibatis/migration/options/DatabaseOperationOption;Ljava/io/PrintStream;)Lorg/apache/ibatis/jdbc/ScriptRunner;" line="97"><counter type="INSTRUCTION" missed="16" covered="48"/><counter type="BRANCH" missed="1" covered="1"/><counter type="LINE" missed="2" covered="12"/><counter type="COMPLEXITY" missed="1" covered="1"/><counter type="METHOD" missed="0" covered="1"/></method><method name="horizontalLine" desc="(Ljava/lang/String;I)Ljava/lang/String;" line="115"><counter type="INSTRUCTION" missed="0" covered="45"/><counter type="BRANCH" missed="0" covered="4"/><counter type="LINE" missed="0" covered="8"/><counter type="COMPLEXITY" missed="0" covered="3"/><counter type="METHOD" missed="0" covered="1"/></method><method name="generateAppliedTimeStampAsString" desc="()Ljava/lang/String;" line="128"><counter type="INSTRUCTION" missed="0" covered="10"/><counter type="LINE" missed="0" covered="1"/><counter type="COMPLEXITY" missed="0" covered="1"/><counter type="METHOD" missed="0" covered="1"/></method><method name="println" desc="(Ljava/io/PrintStream;)V" line="132"><counter type="INSTRUCTION" missed="0" covered="5"/><counter type="BRANCH" missed="1" covered="1"/><counter type="LINE" missed="0" covered="3"/><counter type="COMPLEXITY" missed="1" covered="1"/><counter type="METHOD" missed="0" covered="1"/></method><method name="println" desc="(Ljava/io/PrintStream;Ljava/lang/String;)V" line="138"><counter type="INSTRUCTION" missed="0" covered="6"/><counter type="BRANCH" missed="1" covered="1"/><counter type="LINE" missed="0" covered="3"/><counter type="COMPLEXITY" missed="1" covered="1"/><counter type="METHOD" missed="0" covered="1"/></method><counter type="INSTRUCTION" missed="81" covered="292"/><counter type="BRANCH" missed="7" covered="13"/><counter type="LINE" missed="8" covered="54"/><counter type="COMPLEXITY" missed="7" covered="14"/><counter type="METHOD" missed="0" covered="11"/><counter type="CLASS" missed="0" covered="1"/></class><class name="org/apache/ibatis/migration/operations/DownOperation"><method name="&lt;init&gt;" desc="()V" line="35"><counter type="INSTRUCTION" missed="0" covered="4"/><counter type="LINE" missed="0" covered="2"/><counter type="COMPLEXITY" missed="0" covered="1"/><counter type="METHOD" missed="0" covered="1"/></method><method name="&lt;init&gt;" desc="(Ljava/lang/Integer;)V" line="39"><counter type="INSTRUCTION" missed="0" covered="6"/><counter type="LINE" missed="0" covered="3"/><counter type="COMPLEXITY" missed="0" covered="1"/><counter type="METHOD" missed="0" covered="1"/></method><method name="operate" desc="(Lorg/apache/ibatis/migration/ConnectionProvider;Lorg/apache/ibatis/migration/MigrationLoader;Lorg/apache/ibatis/migration/options/DatabaseOperationOption;Ljava/io/PrintStream;)Lorg/apache/ibatis/migration/operations/DownOperation;" line="46"><counter type="INSTRUCTION" missed="36" covered="96"/><counter type="BRANCH" missed="5" covered="9"/><counter type="LINE" missed="6" covered="23"/><counter type="COMPLEXITY" missed="5" covered="3"/><counter type="METHOD" missed="0" covered="1"/></method><method name="deleteChange" desc="(Lorg/apache/ibatis/migration/ConnectionProvider;Lorg/apache/ibatis/migration/Change;Lorg/apache/ibatis/migration/options/DatabaseOperationOption;)V" line="88"><counter type="INSTRUCTION" missed="19" covered="29"/><counter type="LINE" missed="2" covered="5"/><counter type="COMPLEXITY" missed="0" covered="1"/><counter type="METHOD" missed="0" covered="1"/></method><counter type="INSTRUCTION" missed="55" covered="135"/><counter type="BRANCH" missed="5" covered="9"/><counter type="LINE" missed="8" covered="33"/><counter type="COMPLEXITY" missed="5" covered="6"/><counter type="METHOD" missed="0" covered="4"/><counter type="CLASS" missed="0" covered="1"/></class><sourcefile name="BootstrapOperation.java"><line nr="31" mi="0" ci="3" mb="0" cb="0"/><line nr="32" mi="0" ci="1" mb="0" cb="0"/><line nr="35" mi="0" ci="2" mb="0" cb="0"/><line nr="36" mi="0" ci="3" mb="0" cb="0"/><line nr="37" mi="0" ci="1" mb="0" cb="0"/><line nr="42" mi="0" ci="2" mb="1" cb="1"/><line nr="43" mi="4" ci="0" mb="0" cb="0"/><line nr="45" mi="0" ci="8" mb="1" cb="3"/><line nr="46" mi="0" ci="5" mb="0" cb="0"/><line nr="48" mi="0" ci="3" mb="0" cb="0"/><line nr="49" mi="0" ci="2" mb="1" cb="1"/><line nr="50" mi="0" ci="7" mb="0" cb="0"/><line nr="51" mi="0" ci="6" mb="0" cb="0"/><line nr="53" mi="0" ci="3" mb="0" cb="0"/><line nr="55" mi="5" ci="2" mb="0" cb="0"/><line nr="56" mi="0" ci="1" mb="0" cb="0"/><line nr="57" mi="0" ci="3" mb="0" cb="0"/><line nr="58" mi="0" ci="1" mb="0" cb="0"/><line nr="59" mi="4" ci="0" mb="0" cb="0"/><line nr="62" mi="0" ci="2" mb="0" cb="0"/><line nr="63" mi="1" ci="0" mb="0" cb="0"/><line nr="64" mi="13" ci="0" mb="0" cb="0"/><counter type="INSTRUCTION" missed="27" covered="55"/><counter type="BRANCH" missed="3" covered="5"/><counter type="LINE" missed="4" covered="18"/><counter type="COMPLEXITY" missed="3" covered="4"/><counter type="METHOD" missed="0" covered="3"/><counter type="CLASS" missed="0" covered="1"/></sourcefile><sourcefile name="PendingOperation.java"><line nr="30" mi="0" ci="3" mb="0" cb="0"/><line nr="35" mi="0" ci="2" mb="1" cb="1"/><line nr="36" mi="4" ci="0" mb="0" cb="0"/><line nr="38" mi="0" ci="5" mb="1" cb="1"/><line nr="39" mi="5" ci="0" mb="0" cb="0"/><line nr="41" mi="0" ci="6" mb="0" cb="0"/><line nr="42" mi="0" ci="4" mb="0" cb="0"/><line nr="43" mi="0" ci="10" mb="0" cb="2"/><line nr="44" mi="0" ci="15" mb="0" cb="0"/><line nr="45" mi="0" ci="6" mb="0" cb="0"/><line nr="47" mi="0" ci="6" mb="0" cb="0"/><line nr="49" mi="5" ci="2" mb="0" cb="0"/><line nr="50" mi="0" ci="1" mb="0" cb="0"/><line nr="51" mi="0" ci="5" mb="0" cb="0"/><line nr="52" mi="0" ci="3" mb="0" cb="0"/><line nr="53" mi="0" ci="1" mb="0" cb="0"/><line nr="54" mi="0" ci="2" mb="0" cb="0"/><line nr="55" mi="1" ci="0" mb="0" cb="0"/><line nr="56" mi="13" ci="0" mb="0" cb="0"/><line nr="61" mi="0" ci="4" mb="0" cb="0"/><line nr="62" mi="0" ci="3" mb="0" cb="0"/><line nr="63" mi="0" ci="5" mb="0" cb="0"/><line nr="64" mi="0" ci="10" mb="0" cb="2"/><line nr="65" mi="0" ci="4" mb="0" cb="0"/><line nr="66" mi="0" ci="2" mb="0" cb="2"/><line nr="67" mi="0" ci="4" mb="0" cb="0"/><line nr="69" mi="0" ci="1" mb="0" cb="0"/><line nr="70" mi="0" ci="2" mb="0" cb="0"/><line nr="71" mi="0" ci="2" mb="0" cb="0"/><counter type="INSTRUCTION" missed="28" covered="108"/><counter type="BRANCH" missed="2" covered="8"/><counter type="LINE" missed="4" covered="25"/><counter type="COMPLEXITY" missed="2" covered="6"/><counter type="METHOD" missed="0" covered="3"/><counter type="CLASS" missed="0" covered="1"/></sourcefile><sourcefile name="VersionOperation.java"><line nr="32" mi="0" ci="2" mb="0" cb="0"/><line nr="33" mi="0" ci="3" mb="0" cb="0"/><line nr="34" mi="0" ci="2" mb="1" cb="1"/><line nr="35" mi="5" ci="0" mb="0" cb="0"/><line nr="37" mi="0" ci="1" mb="0" cb="0"/><line nr="41" mi="0" ci="2" mb="1" cb="1"/><line nr="42" mi="4" ci="0" mb="0" cb="0"/><line nr="44" mi="0" ci="3" mb="0" cb="0"/><line nr="45" mi="0" ci="5" mb="0" cb="0"/><line nr="46" mi="0" ci="8" mb="1" cb="3"/><line nr="47" mi="0" ci="12" mb="0" cb="0"/><line nr="48" mi="0" ci="6" mb="0" cb="0"/><line nr="49" mi="0" ci="6" mb="0" cb="2"/><line nr="50" mi="0" ci="7" mb="0" cb="0"/><line nr="51" mi="0" ci="6" mb="0" cb="0"/><line nr="53" mi="0" ci="7" mb="1" cb="1"/><line nr="54" mi="0" ci="12" mb="0" cb="0"/><line nr="55" mi="0" ci="6" mb="0" cb="0"/><line nr="56" mi="0" ci="6" mb="0" cb="2"/><line nr="57" mi="0" ci="7" mb="0" cb="0"/><line nr="58" mi="0" ci="6" mb="0" cb="0"/><line nr="60" mi="0" ci="1" mb="0" cb="0"/><line nr="61" mi="12" ci="0" mb="0" cb="0"/><line nr="63" mi="0" ci="3" mb="0" cb="0"/><line nr="64" mi="0" ci="2" mb="0" cb="0"/><line nr="68" mi="0" ci="3" mb="0" cb="0"/><line nr="69" mi="0" ci="8" mb="1" cb="1"/><line nr="70" mi="5" ci="0" mb="0" cb="0"/><line nr="72" mi="0" ci="1" mb="0" cb="0"/><counter type="INSTRUCTION" missed="26" covered="125"/><counter type="BRANCH" missed="5" covered="11"/><counter type="LINE" missed="4" covered="25"/><counter type="COMPLEXITY" missed="5" covered="6"/><counter type="METHOD" missed="0" covered="3"/><counter type="CLASS" missed="0" covered="1"/></sourcefile><sourcefile name="DownOperation.java"><line nr="35" mi="0" ci="3" mb="0" cb="0"/><line nr="36" mi="0" ci="1" mb="0" cb="0"/><line nr="39" mi="0" ci="2" mb="0" cb="0"/><line nr="40" mi="0" ci="3" mb="0" cb="0"/><line nr="41" mi="0" ci="1" mb="0" cb="0"/><line nr="46" mi="0" ci="2" mb="1" cb="1"/><line nr="47" mi="4" ci="0" mb="0" cb="0"/><line nr="49" mi="0" ci="5" mb="0" cb="0"/><line nr="50" mi="0" ci="2" mb="1" cb="1"/><line nr="51" mi="5" ci="0" mb="0" cb="0"/><line nr="53" mi="0" ci="3" mb="0" cb="0"/><line nr="54" mi="0" ci="2" mb="0" cb="0"/><line nr="55" mi="0" ci="2" mb="0" cb="0"/><line nr="56" mi="0" ci="2" mb="0" cb="0"/><line nr="57" mi="0" ci="10" mb="1" cb="1"/><line nr="58" mi="0" ci="6" mb="1" cb="1"/><line nr="59" mi="0" ci="15" mb="0" cb="0"/><line nr="60" mi="0" ci="6" mb="0" cb="0"/><line nr="62" mi="0" ci="6" mb="0" cb="0"/><line nr="64" mi="5" ci="2" mb="0" cb="0"/><line nr="65" mi="0" ci="1" mb="0" cb="0"/><line nr="66" mi="0" ci="5" mb="1" cb="1"/><line nr="67" mi="0" ci="6" mb="0" cb="0"/><line nr="69" mi="4" ci="0" mb="0" cb="0"/><line nr="70" mi="4" ci="0" mb="0" cb="0"/><line nr="72" mi="0" ci="3" mb="0" cb="0"/><line nr="73" mi="0" ci="1" mb="0" cb="0"/><line nr="74" mi="0" ci="8" mb="0" cb="4"/><line nr="75" mi="0" ci="1" mb="0" cb="0"/><line nr="77" mi="0" ci="5" mb="0" cb="0"/><line nr="79" mi="0" ci="1" mb="0" cb="0"/><line nr="81" mi="0" ci="2" mb="0" cb="0"/><line nr="82" mi="1" ci="0" mb="0" cb="0"/><line nr="83" mi="13" ci="0" mb="0" cb="0"/><line nr="88" mi="0" ci="4" mb="0" cb="0"/><line nr="90" mi="0" ci="21" mb="0" cb="0"/><line nr="91" mi="1" ci="0" mb="0" cb="0"/><line nr="92" mi="13" ci="0" mb="0" cb="0"/><line nr="94" mi="5" ci="2" mb="0" cb="0"/><line nr="95" mi="0" ci="1" mb="0" cb="0"/><line nr="96" mi="0" ci="1" mb="0" cb="0"/><counter type="INSTRUCTION" missed="55" covered="135"/><counter type="BRANCH" missed="5" covered="9"/><counter type="LINE" missed="8" covered="33"/><counter type="COMPLEXITY" missed="5" covered="6"/><counter type="METHOD" missed="0" covered="4"/><counter type="CLASS" missed="0" covered="1"/></sourcefile><sourcefile name="UpOperation.java"><line nr="33" mi="0" ci="2" mb="0" cb="0"/><line nr="34" mi="0" ci="3" mb="0" cb="0"/><line nr="35" mi="0" ci="1" mb="0" cb="0"/><line nr="38" mi="0" ci="2" mb="0" cb="0"/><line nr="39" mi="0" ci="3" mb="0" cb="0"/><line nr="40" mi="0" ci="6" mb="2" cb="2"/><line nr="41" mi="5" ci="0" mb="0" cb="0"/><line nr="43" mi="0" ci="1" mb="0" cb="0"/><line nr="48" mi="0" ci="2" mb="1" cb="1"/><line nr="49" mi="4" ci="0" mb="0" cb="0"/><line nr="52" mi="0" ci="2" mb="0" cb="0"/><line nr="53" mi="0" ci="5" mb="0" cb="2"/><line nr="54" mi="0" ci="5" mb="0" cb="0"/><line nr="57" mi="0" ci="3" mb="0" cb="0"/><line nr="58" mi="0" ci="2" mb="0" cb="0"/><line nr="59" mi="0" ci="2" mb="0" cb="0"/><line nr="60" mi="0" ci="10" mb="0" cb="2"/><line nr="61" mi="0" ci="8" mb="0" cb="4"/><line nr="62" mi="0" ci="15" mb="0" cb="0"/><line nr="63" mi="0" ci="6" mb="0" cb="0"/><line nr="65" mi="0" ci="6" mb="0" cb="0"/><line nr="67" mi="5" ci="2" mb="0" cb="0"/><line nr="68" mi="0" ci="1" mb="0" cb="0"/><line nr="69" mi="0" ci="5" mb="0" cb="0"/><line nr="70" mi="0" ci="3" mb="0" cb="0"/><line nr="71" mi="0" ci="1" mb="0" cb="0"/><line nr="72" mi="0" ci="8" mb="0" cb="4"/><line nr="73" mi="0" ci="1" mb="0" cb="0"/><line nr="76" mi="0" ci="1" mb="0" cb="0"/><line nr="77" mi="0" ci="2" mb="0" cb="0"/><line nr="78" mi="1" ci="0" mb="0" cb="0"/><line nr="79" mi="13" ci="0" mb="0" cb="0"/><counter type="INSTRUCTION" missed="28" covered="108"/><counter type="BRANCH" missed="3" covered="15"/><counter type="LINE" missed="4" covered="28"/><counter type="COMPLEXITY" missed="3" covered="9"/><counter type="METHOD" missed="0" covered="3"/><counter type="CLASS" missed="0" covered="1"/></sourcefile><sourcefile name="StatusOperation.java"><line nr="28" mi="0" ci="3" mb="0" cb="0"/><line nr="37" mi="0" ci="2" mb="1" cb="1"/><line nr="38" mi="4" ci="0" mb="0" cb="0"/><line nr="40" mi="0" ci="4" mb="0" cb="0"/><line nr="41" mi="0" ci="7" mb="0" cb="0"/><line nr="42" mi="0" ci="5" mb="0" cb="0"/><line nr="43" mi="0" ci="3" mb="0" cb="0"/><line nr="44" mi="0" ci="5" mb="0" cb="2"/><line nr="45" mi="0" ci="5" mb="0" cb="0"/><line nr="46" mi="0" ci="10" mb="0" cb="2"/><line nr="47" mi="0" ci="4" mb="0" cb="0"/><line nr="48" mi="0" ci="3" mb="0" cb="2"/><line nr="49" mi="0" ci="7" mb="0" cb="0"/><line nr="50" mi="0" ci="7" mb="0" cb="0"/><line nr="52" mi="0" ci="5" mb="0" cb="0"/><line nr="53" mi="0" ci="6" mb="0" cb="0"/><line nr="55" mi="0" ci="1" mb="0" cb="0"/><line nr="56" mi="0" ci="1" mb="0" cb="0"/><line nr="57" mi="0" ci="5" mb="0" cb="0"/><line nr="58" mi="0" ci="4" mb="0" cb="0"/><line nr="60" mi="0" ci="3" mb="0" cb="0"/><line nr="61" mi="0" ci="11" mb="0" cb="2"/><line nr="62" mi="0" ci="5" mb="0" cb="0"/><line nr="63" mi="0" ci="1" mb="0" cb="0"/><line nr="64" mi="0" ci="3" mb="0" cb="0"/><line nr="65" mi="0" ci="2" mb="0" cb="0"/><line nr="69" mi="0" ci="3" mb="0" cb="0"/><line nr="73" mi="0" ci="3" mb="0" cb="0"/><line nr="77" mi="0" ci="3" mb="0" cb="0"/><counter type="INSTRUCTION" missed="4" covered="121"/><counter type="BRANCH" missed="1" covered="9"/><counter type="LINE" missed="1" covered="28"/><counter type="COMPLEXITY" missed="1" covered="9"/><counter type="METHOD" missed="0" covered="5"/><counter type="CLASS" missed="0" covered="1"/></sourcefile><sourcefile name="DatabaseOperation.java"><line nr="35" mi="0" ci="3" mb="0" cb="0"/><line nr="40" mi="0" ci="4" mb="0" cb="0"/><line nr="41" mi="0" ci="3" mb="0" cb="0"/><line nr="43" mi="0" ci="31" mb="0" cb="0"/><line nr="44" mi="1" ci="0" mb="0" cb="0"/><line nr="45" mi="13" ci="0" mb="0" cb="0"/><line nr="47" mi="5" ci="2" mb="0" cb="0"/><line nr="48" mi="0" ci="1" mb="0" cb="0"/><line nr="49" mi="0" ci="1" mb="0" cb="0"/><line nr="52" mi="0" ci="5" mb="0" cb="0"/><line nr="53" mi="2" ci="11" mb="1" cb="1"/><line nr="57" mi="0" ci="4" mb="0" cb="0"/><line nr="59" mi="0" ci="16" mb="0" cb="0"/><line nr="60" mi="0" ci="4" mb="0" cb="0"/><line nr="61" mi="0" ci="10" mb="0" cb="2"/><line nr="62" mi="2" ci="9" mb="1" cb="1"/><line nr="63" mi="2" ci="9" mb="1" cb="1"/><line nr="64" mi="2" ci="9" mb="1" cb="1"/><line nr="65" mi="0" ci="12" mb="0" cb="0"/><line nr="66" mi="0" ci="1" mb="0" cb="0"/><line nr="67" mi="0" ci="2" mb="0" cb="0"/><line nr="68" mi="1" ci="0" mb="0" cb="0"/><line nr="69" mi="13" ci="0" mb="0" cb="0"/><line nr="71" mi="5" ci="4" mb="0" cb="0"/><line nr="76" mi="0" ci="4" mb="0" cb="0"/><line nr="78" mi="0" ci="14" mb="0" cb="0"/><line nr="79" mi="0" ci="2" mb="0" cb="0"/><line nr="80" mi="0" ci="1" mb="0" cb="0"/><line nr="81" mi="0" ci="2" mb="0" cb="0"/><line nr="83" mi="5" ci="8" mb="0" cb="0"/><line nr="89" mi="0" ci="6" mb="0" cb="0"/><line nr="90" mi="1" ci="0" mb="0" cb="0"/><line nr="91" mi="13" ci="0" mb="0" cb="0"/><line nr="97" mi="2" ci="7" mb="1" cb="1"/><line nr="98" mi="0" ci="6" mb="0" cb="0"/><line nr="99" mi="0" ci="3" mb="0" cb="0"/><line nr="100" mi="0" ci="3" mb="0" cb="0"/><line nr="101" mi="0" ci="4" mb="0" cb="0"/><line nr="102" mi="0" ci="3" mb="0" cb="0"/><line nr="103" mi="0" ci="4" mb="0" cb="0"/><line nr="104" mi="0" ci="4" mb="0" cb="0"/><line nr="105" mi="0" ci="4" mb="0" cb="0"/><line nr="106" mi="0" ci="4" mb="0" cb="0"/><line nr="107" mi="0" ci="4" mb="0" cb="0"/><line nr="108" mi="0" ci="2" mb="0" cb="0"/><line nr="109" mi="1" ci="0" mb="0" cb="0"/><line nr="110" mi="13" ci="0" mb="0" cb="0"/><line nr="115" mi="0" ci="4" mb="0" cb="0"/><line nr="116" mi="0" ci="4" mb="0" cb="0"/><line nr="117" mi="0" ci="3" mb="0" cb="2"/><line nr="118" mi="0" ci="11" mb="0" cb="0"/><line nr="119" mi="0" ci="4" mb="0" cb="0"/><line nr="121" mi="0" ci="12" mb="0" cb="2"/><line nr="122" mi="0" ci="4" mb="0" cb="0"/><line nr="124" mi="0" ci="3" mb="0" cb="0"/><line nr="128" mi="0" ci="10" mb="0" cb="0"/><line nr="132" mi="0" ci="2" mb="1" cb="1"/><line nr="133" mi="0" ci="2" mb="0" cb="0"/><line nr="135" mi="0" ci="1" mb="0" cb="0"/><line nr="138" mi="0" ci="2" mb="1" cb="1"/><line nr="139" mi="0" ci="3" mb="0" cb="0"/><line nr="141" mi="0" ci="1" mb="0" cb="0"/><counter type="INSTRUCTION" missed="81" covered="292"/><counter type="BRANCH" missed="7" covered="13"/><counter type="LINE" missed="8" covered="54"/><counter type="COMPLEXITY" missed="7" covered="14"/><counter type="METHOD" missed="0" covered="11"/><counter type="CLASS" missed="0" covered="1"/></sourcefile><counter type="INSTRUCTION" missed="249" covered="944"/><counter type="BRANCH" missed="26" covered="70"/><counter type="LINE" missed="33" covered="211"/><counter type="COMPLEXITY" missed="26" covered="54"/><counter type="METHOD" missed="0" covered="32"/><counter type="CLASS" missed="0" covered="7"/></package><package name="org/apache/ibatis/migration"><class name="org/apache/ibatis/migration/MigrationReader$1"><method name="&lt;init&gt;" desc="(Lorg/apache/ibatis/migration/MigrationReader;)V" line="94"><counter type="INSTRUCTION" missed="0" covered="56"/><counter type="LINE" missed="0" covered="3"/><counter type="COMPLEXITY" missed="0" covered="1"/><counter type="METHOD" missed="0" covered="1"/></method><counter type="INSTRUCTION" missed="0" covered="56"/><counter type="LINE" missed="0" covered="3"/><counter type="COMPLEXITY" missed="0" covered="1"/><counter type="METHOD" missed="0" covered="1"/><counter type="CLASS" missed="0" covered="1"/></class><class name="org/apache/ibatis/migration/MigrationReader$2"><method name="&lt;init&gt;" desc="(Lorg/apache/ibatis/migration/MigrationReader;Ljava/util/Set;Ljava/util/Properties;)V" line="101"><counter type="INSTRUCTION" missed="0" covered="12"/><counter type="LINE" missed="0" covered="1"/><counter type="COMPLEXITY" missed="0" covered="1"/><counter type="METHOD" missed="0" covered="1"/></method><method name="containsKey" desc="(Ljava/lang/Object;)Z" line="104"><counter type="INSTRUCTION" missed="0" covered="14"/><counter type="BRANCH" missed="0" covered="4"/><counter type="LINE" missed="0" covered="1"/><counter type="COMPLEXITY" missed="0" covered="3"/><counter type="METHOD" missed="0" covered="1"/></method><method name="getProperty" desc="(Ljava/lang/String;)Ljava/lang/String;" line="109"><counter type="INSTRUCTION" missed="2" covered="10"/><counter type="BRANCH" missed="1" covered="1"/><counter type="LINE" missed="0" covered="1"/><counter type="COMPLEXITY" missed="1" covered="1"/><counter type="METHOD" missed="0" covered="1"/></method><counter type="INSTRUCTION" missed="2" covered="36"/><counter type="BRANCH" missed="1" covered="5"/><counter type="LINE" missed="0" covered="3"/><counter type="COMPLEXITY" missed="1" covered="5"/><counter type="METHOD" missed="0" covered="3"/><counter type="CLASS" missed="0" covered="1"/></class><class name="org/apache/ibatis/migration/JavaMigrationLoader"><method name="&lt;init&gt;" desc="([Ljava/lang/String;)V" line="35"><counter type="INSTRUCTION" missed="0" covered="5"/><counter type="LINE" missed="0" covered="2"/><counter type="COMPLEXITY" missed="0" covered="1"/><counter type="METHOD" missed="0" covered="1"/></method><method name="&lt;init&gt;" desc="(Ljava/lang/ClassLoader;[Ljava/lang/String;)V" line="39"><counter type="INSTRUCTION" missed="0" covered="9"/><counter type="LINE" missed="0" covered="4"/><counter type="COMPLEXITY" missed="0" covered="1"/><counter type="METHOD" missed="0" covered="1"/></method><method name="getMigrations" desc="()Ljava/util/List;" line="46"><counter type="INSTRUCTION" missed="15" covered="47"/><counter type="BRANCH" missed="1" covered="3"/><counter type="LINE" missed="2" covered="12"/><counter type="COMPLEXITY" missed="1" covered="2"/><counter type="METHOD" missed="0" covered="1"/></method><method name="parseChangeFromMigrationScript" desc="(Lorg/apache/ibatis/migration/MigrationScript;)Lorg/apache/ibatis/migration/Change;" line="65"><counter type="INSTRUCTION" missed="0" covered="19"/><counter type="LINE" missed="0" covered="5"/><counter type="COMPLEXITY" missed="0" covered="1"/><counter type="METHOD" missed="0" covered="1"/></method><method name="getScriptReader" desc="(Lorg/apache/ibatis/migration/Change;Z)Ljava/io/Reader;" line="74"><counter type="INSTRUCTION" missed="18" covered="63"/><counter type="BRANCH" missed="2" covered="4"/><counter type="LINE" missed="2" covered="11"/><counter type="COMPLEXITY" missed="2" covered="2"/><counter type="METHOD" missed="0" covered="1"/></method><method name="getBootstrapReader" desc="()Ljava/io/Reader;" line="101"><counter type="INSTRUCTION" missed="22" covered="47"/><counter type="BRANCH" missed="4" covered="4"/><counter type="LINE" missed="4" covered="11"/><counter type="COMPLEXITY" missed="4" covered="1"/><counter type="METHOD" missed="0" covered="1"/></method><method name="getResolver" desc="(Ljava/lang/Class;)Lorg/apache/ibatis/io/ResolverUtil;" line="125"><counter type="INSTRUCTION" missed="4" covered="9"/><counter type="BRANCH" missed="1" covered="1"/><counter type="LINE" missed="1" covered="3"/><counter type="COMPLEXITY" missed="1" covered="1"/><counter type="METHOD" missed="0" covered="1"/></method><counter type="INSTRUCTION" missed="59" covered="199"/><counter type="BRANCH" missed="8" covered="12"/><counter type="LINE" missed="9" covered="48"/><counter type="COMPLEXITY" missed="8" covered="9"/><counter type="METHOD" missed="0" covered="7"/><counter type="CLASS" missed="0" covered="1"/></class><class name="org/apache/ibatis/migration/JavaMigrationLoader$1"><method name="&lt;init&gt;" desc="(Lorg/apache/ibatis/migration/JavaMigrationLoader;Ljava/lang/String;)V" line="77"><counter type="INSTRUCTION" missed="0" covered="9"/><counter type="LINE" missed="0" covered="1"/><counter type="COMPLEXITY" missed="0" covered="1"/><counter type="METHOD" missed="0" covered="1"/></method><method name="matches" desc="(Ljava/lang/Class;)Z" line="80"><counter type="INSTRUCTION" missed="0" covered="16"/><counter type="BRANCH" missed="1" covered="5"/><counter type="LINE" missed="0" covered="1"/><counter type="COMPLEXITY" missed="1" covered="3"/><counter type="METHOD" missed="0" covered="1"/></method><counter type="INSTRUCTION" missed="0" covered="25"/><counter type="BRANCH" missed="1" covered="5"/><counter type="LINE" missed="0" covered="2"/><counter type="COMPLEXITY" missed="1" covered="4"/><counter type="METHOD" missed="0" covered="2"/><counter type="CLASS" missed="0" covered="1"/></class><class name="org/apache/ibatis/migration/MigrationReader"><method name="&lt;init&gt;" desc="(Ljava/io/File;Ljava/lang/String;ZLjava/util/Properties;)V" line="42"><counter type="INSTRUCTION" missed="0" covered="10"/><counter type="LINE" missed="0" covered="2"/><counter type="COMPLEXITY" missed="0" covered="1"/><counter type="METHOD" missed="0" covered="1"/></method><method name="&lt;init&gt;" desc="(Ljava/io/InputStream;Ljava/lang/String;ZLjava/util/Properties;)V" line="45"><counter type="INSTRUCTION" missed="9" covered="83"/><counter type="BRANCH" missed="1" covered="9"/><counter type="LINE" missed="0" covered="20"/><counter type="COMPLEXITY" missed="1" covered="5"/><counter type="METHOD" missed="0" covered="1"/></method><method name="read" desc="([CII)I" line="76"><counter type="INSTRUCTION" missed="0" covered="7"/><counter type="LINE" missed="0" covered="1"/><counter type="COMPLEXITY" missed="0" covered="1"/><counter type="METHOD" missed="0" covered="1"/></method><method name="close" desc="()V" line="81"><counter type="INSTRUCTION" missed="4" covered="0"/><counter type="LINE" missed="2" covered="0"/><counter type="COMPLEXITY" missed="1" covered="0"/><counter type="METHOD" missed="1" covered="0"/></method><method name="scriptFileReader" desc="(Ljava/io/InputStream;Ljava/lang/String;)Ljava/io/Reader;" line="85"><counter type="INSTRUCTION" missed="0" covered="16"/><counter type="BRANCH" missed="1" covered="3"/><counter type="LINE" missed="0" covered="3"/><counter type="COMPLEXITY" missed="1" covered="2"/><counter type="METHOD" missed="0" covered="1"/></method><method name="filterVariables" desc="(Ljava/util/Properties;)Ljava/util/Properties;" line="94"><counter type="INSTRUCTION" missed="0" covered="12"/><counter type="LINE" missed="0" covered="2"/><counter type="COMPLEXITY" missed="0" covered="1"/><counter type="METHOD" missed="0" covered="1"/></method><method name="&lt;clinit&gt;" desc="()V" line="37"><counter type="INSTRUCTION" missed="0" covered="5"/><counter type="LINE" missed="0" covered="1"/><counter type="COMPLEXITY" missed="0" covered="1"/><counter type="METHOD" missed="0" covered="1"/></method><counter type="INSTRUCTION" missed="13" covered="133"/><counter type="BRANCH" missed="2" covered="12"/><counter type="LINE" missed="2" covered="29"/><counter type="COMPLEXITY" missed="3" covered="11"/><counter type="METHOD" missed="1" covered="6"/><counter type="CLASS" missed="0" covered="1"/></class><class name="org/apache/ibatis/migration/Migrator"><method name="&lt;init&gt;" desc="()V" line="18"><counter type="INSTRUCTION" missed="3" covered="0"/><counter type="LINE" missed="1" covered="0"/><counter type="COMPLEXITY" missed="1" covered="0"/><counter type="METHOD" missed="1" covered="0"/></method><method name="main" desc="([Ljava/lang/String;)V" line="20"><counter type="INSTRUCTION" missed="0" covered="6"/><counter type="LINE" missed="0" covered="2"/><counter type="COMPLEXITY" missed="0" covered="1"/><counter type="METHOD" missed="0" covered="1"/></method><counter type="INSTRUCTION" missed="3" covered="6"/><counter type="LINE" missed="1" covered="2"/><counter type="COMPLEXITY" missed="1" covered="1"/><counter type="METHOD" missed="1" covered="1"/><counter type="CLASS" missed="0" covered="1"/></class><class name="org/apache/ibatis/migration/Change"><method name="&lt;init&gt;" desc="()V" line="27"><counter type="INSTRUCTION" missed="0" covered="3"/><counter type="LINE" missed="0" covered="2"/><counter type="COMPLEXITY" missed="0" covered="1"/><counter type="METHOD" missed="0" covered="1"/></method><method name="&lt;init&gt;" desc="(Ljava/math/BigDecimal;)V" line="30"><counter type="INSTRUCTION" missed="0" covered="6"/><counter type="LINE" missed="0" covered="3"/><counter type="COMPLEXITY" missed="0" covered="1"/><counter type="METHOD" missed="0" covered="1"/></method><method name="&lt;init&gt;" desc="(Ljava/math/BigDecimal;Ljava/lang/String;Ljava/lang/String;)V" line="34"><counter type="INSTRUCTION" missed="0" covered="12"/><counter type="LINE" missed="0" covered="5"/><counter type="COMPLEXITY" missed="0" covered="1"/><counter type="METHOD" missed="0" covered="1"/></method><method name="getId" desc="()Ljava/math/BigDecimal;" line="41"><counter type="INSTRUCTION" missed="0" covered="3"/><counter type="LINE" missed="0" covered="1"/><counter type="COMPLEXITY" missed="0" covered="1"/><counter type="METHOD" missed="0" covered="1"/></method><method name="setId" desc="(Ljava/math/BigDecimal;)V" line="45"><counter type="INSTRUCTION" missed="0" covered="4"/><counter type="LINE" missed="0" covered="2"/><counter type="COMPLEXITY" missed="0" covered="1"/><counter type="METHOD" missed="0" covered="1"/></method><method name="getDescription" desc="()Ljava/lang/String;" line="49"><counter type="INSTRUCTION" missed="0" covered="3"/><counter type="LINE" missed="0" covered="1"/><counter type="COMPLEXITY" missed="0" covered="1"/><counter type="METHOD" missed="0" covered="1"/></method><method name="setDescription" desc="(Ljava/lang/String;)V" line="53"><counter type="INSTRUCTION" missed="0" covered="4"/><counter type="LINE" missed="0" covered="2"/><counter type="COMPLEXITY" missed="0" covered="1"/><counter type="METHOD" missed="0" covered="1"/></method><method name="getAppliedTimestamp" desc="()Ljava/lang/String;" line="57"><counter type="INSTRUCTION" missed="0" covered="3"/><counter type="LINE" missed="0" covered="1"/><counter type="COMPLEXITY" missed="0" covered="1"/><counter type="METHOD" missed="0" covered="1"/></method><method name="setAppliedTimestamp" desc="(Ljava/lang/String;)V" line="61"><counter type="INSTRUCTION" missed="0" covered="4"/><counter type="LINE" missed="0" covered="2"/><counter type="COMPLEXITY" missed="0" covered="1"/><counter type="METHOD" missed="0" covered="1"/></method><method name="getFilename" desc="()Ljava/lang/String;" line="65"><counter type="INSTRUCTION" missed="0" covered="3"/><counter type="LINE" missed="0" covered="1"/><counter type="COMPLEXITY" missed="0" covered="1"/><counter type="METHOD" missed="0" covered="1"/></method><method name="setFilename" desc="(Ljava/lang/String;)V" line="69"><counter type="INSTRUCTION" missed="0" covered="4"/><counter type="LINE" missed="0" covered="2"/><counter type="COMPLEXITY" missed="0" covered="1"/><counter type="METHOD" missed="0" covered="1"/></method><method name="toString" desc="()Ljava/lang/String;" line="74"><counter type="INSTRUCTION" missed="0" covered="23"/><counter type="BRANCH" missed="0" covered="2"/><counter type="LINE" missed="0" covered="1"/><counter type="COMPLEXITY" missed="0" covered="2"/><counter type="METHOD" missed="0" covered="1"/></method><method name="equals" desc="(Ljava/lang/Object;)Z" line="79"><counter type="INSTRUCTION" missed="4" covered="19"/><counter type="BRANCH" missed="3" covered="3"/><counter type="LINE" missed="2" covered="4"/><counter type="COMPLEXITY" missed="3" covered="1"/><counter type="METHOD" missed="0" covered="1"/></method><method name="hashCode" desc="()I" line="93"><counter type="INSTRUCTION" missed="4" covered="0"/><counter type="LINE" missed="1" covered="0"/><counter type="COMPLEXITY" missed="1" covered="0"/><counter type="METHOD" missed="1" covered="0"/></method><method name="compareTo" desc="(Lorg/apache/ibatis/migration/Change;)I" line="98"><counter type="INSTRUCTION" missed="0" covered="6"/><counter type="LINE" missed="0" covered="1"/><counter type="COMPLEXITY" missed="0" covered="1"/><counter type="METHOD" missed="0" covered="1"/></method><counter type="INSTRUCTION" missed="8" covered="97"/><counter type="BRANCH" missed="3" covered="5"/><counter type="LINE" missed="3" covered="28"/><counter type="COMPLEXITY" missed="4" covered="15"/><counter type="METHOD" missed="1" covered="14"/><counter type="CLASS" missed="0" covered="1"/></class><class name="org/apache/ibatis/migration/DataSourceConnectionProvider"><method name="&lt;init&gt;" desc="(Ljavax/sql/DataSource;)V" line="28"><counter type="INSTRUCTION" missed="0" covered="6"/><counter type="LINE" missed="0" covered="3"/><counter type="COMPLEXITY" missed="0" covered="1"/><counter type="METHOD" missed="0" covered="1"/></method><method name="getConnection" desc="()Ljava/sql/Connection;" line="34"><counter type="INSTRUCTION" missed="0" covered="4"/><counter type="LINE" missed="0" covered="1"/><counter type="COMPLEXITY" missed="0" covered="1"/><counter type="METHOD" missed="0" covered="1"/></method><counter type="INSTRUCTION" missed="0" covered="10"/><counter type="LINE" missed="0" covered="4"/><counter type="COMPLEXITY" missed="0" covered="2"/><counter type="METHOD" missed="0" covered="2"/><counter type="CLASS" missed="0" covered="1"/></class><class name="org/apache/ibatis/migration/CommandLine"><method name="&lt;init&gt;" desc="([Ljava/lang/String;)V" line="29"><counter type="INSTRUCTION" missed="0" covered="9"/><counter type="LINE" missed="0" covered="4"/><counter type="COMPLEXITY" missed="0" covered="1"/><counter type="METHOD" missed="0" covered="1"/></method><method name="execute" desc="()V" line="37"><counter type="INSTRUCTION" missed="4" covered="35"/><counter type="BRANCH" missed="2" covered="4"/><counter type="LINE" missed="2" covered="9"/><counter type="COMPLEXITY" missed="2" covered="2"/><counter type="METHOD" missed="0" covered="1"/></method><method name="runCommand" desc="(Lorg/apache/ibatis/migration/options/SelectedOptions;)V" line="54"><counter type="INSTRUCTION" missed="8" covered="177"/><counter type="BRANCH" missed="3" covered="3"/><counter type="LINE" missed="1" covered="21"/><counter type="COMPLEXITY" missed="3" covered="1"/><counter type="METHOD" missed="0" covered="1"/></method><method name="printMemoryUsage" desc="()V" line="84"><counter type="INSTRUCTION" missed="0" covered="35"/><counter type="LINE" missed="0" covered="6"/><counter type="COMPLEXITY" missed="0" covered="1"/><counter type="METHOD" missed="0" covered="1"/></method><method name="validOptions" desc="(Lorg/apache/ibatis/migration/options/SelectedOptions;)Z" line="93"><counter type="INSTRUCTION" missed="9" covered="12"/><counter type="BRANCH" missed="1" covered="3"/><counter type="LINE" missed="2" covered="2"/><counter type="COMPLEXITY" missed="1" covered="2"/><counter type="METHOD" missed="0" covered="1"/></method><method name="validBasePath" desc="(Ljava/io/File;)Z" line="102"><counter type="INSTRUCTION" missed="13" covered="13"/><counter type="BRANCH" missed="3" covered="3"/><counter type="LINE" missed="1" covered="3"/><counter type="COMPLEXITY" missed="3" covered="1"/><counter type="METHOD" missed="0" covered="1"/></method><method name="printUsage" desc="()V" line="112"><counter type="INSTRUCTION" missed="0" covered="155"/><counter type="LINE" missed="0" covered="26"/><counter type="COMPLEXITY" missed="0" covered="1"/><counter type="METHOD" missed="0" covered="1"/></method><counter type="INSTRUCTION" missed="34" covered="436"/><counter type="BRANCH" missed="9" covered="13"/><counter type="LINE" missed="6" covered="71"/><counter type="COMPLEXITY" missed="9" covered="9"/><counter type="METHOD" missed="0" covered="7"/><counter type="CLASS" missed="0" covered="1"/></class><class name="org/apache/ibatis/migration/JdbcConnectionProvider"><method name="&lt;init&gt;" desc="(Ljava/lang/String;Ljava/lang/String;Ljava/lang/String;Ljava/lang/String;)V" line="31"><counter type="INSTRUCTION" missed="0" covered="15"/><counter type="LINE" missed="0" covered="6"/><counter type="COMPLEXITY" missed="0" covered="1"/><counter type="METHOD" missed="0" covered="1"/></method><method name="getConnection" desc="()Ljava/sql/Connection;" line="40"><counter type="INSTRUCTION" missed="0" covered="8"/><counter type="LINE" missed="0" covered="1"/><counter type="COMPLEXITY" missed="0" covered="1"/><counter type="METHOD" missed="0" covered="1"/></method><counter type="INSTRUCTION" missed="0" covered="23"/><counter type="LINE" missed="0" covered="7"/><counter type="COMPLEXITY" missed="0" covered="2"/><counter type="METHOD" missed="0" covered="2"/><counter type="CLASS" missed="0" covered="1"/></class><class name="org/apache/ibatis/migration/MigrationException"><method name="&lt;init&gt;" desc="()V" line="25"><counter type="INSTRUCTION" missed="3" covered="0"/><counter type="LINE" missed="2" covered="0"/><counter type="COMPLEXITY" missed="1" covered="0"/><counter type="METHOD" missed="1" covered="0"/></method><method name="&lt;init&gt;" desc="(Ljava/lang/String;)V" line="29"><counter type="INSTRUCTION" missed="0" covered="4"/><counter type="LINE" missed="0" covered="2"/><counter type="COMPLEXITY" missed="0" covered="1"/><counter type="METHOD" missed="0" covered="1"/></method><method name="&lt;init&gt;" desc="(Ljava/lang/String;Ljava/lang/Throwable;)V" line="33"><counter type="INSTRUCTION" missed="5" covered="0"/><counter type="LINE" missed="2" covered="0"/><counter type="COMPLEXITY" missed="1" covered="0"/><counter type="METHOD" missed="1" covered="0"/></method><method name="&lt;init&gt;" desc="(Ljava/lang/Throwable;)V" line="37"><counter type="INSTRUCTION" missed="4" covered="0"/><counter type="LINE" missed="2" covered="0"/><counter type="COMPLEXITY" missed="1" covered="0"/><counter type="METHOD" missed="1" covered="0"/></method><counter type="INSTRUCTION" missed="12" covered="4"/><counter type="LINE" missed="6" covered="2"/><counter type="COMPLEXITY" missed="3" covered="1"/><counter type="METHOD" missed="3" covered="1"/><counter type="CLASS" missed="0" covered="1"/></class><class name="org/apache/ibatis/migration/FileMigrationLoader"><method name="&lt;init&gt;" desc="(Ljava/io/File;Ljava/lang/String;Ljava/util/Properties;)V" line="37"><counter type="INSTRUCTION" missed="0" covered="12"/><counter type="LINE" missed="0" covered="5"/><counter type="COMPLEXITY" missed="0" covered="1"/><counter type="METHOD" missed="0" covered="1"/></method><method name="getMigrations" desc="()Ljava/util/List;" line="45"><counter type="INSTRUCTION" missed="13" covered="50"/><counter type="BRANCH" missed="3" covered="7"/><counter type="LINE" missed="1" covered="10"/><counter type="COMPLEXITY" missed="3" covered="3"/><counter type="METHOD" missed="0" covered="1"/></method><method name="parseChangeFromFilename" desc="(Ljava/lang/String;)Lorg/apache/ibatis/migration/Change;" line="64"><counter type="INSTRUCTION" missed="14" covered="57"/><counter type="BRANCH" missed="0" covered="4"/><counter type="LINE" missed="2" covered="12"/><counter type="COMPLEXITY" missed="0" covered="3"/><counter type="METHOD" missed="0" covered="1"/></method><method name="getScriptReader" desc="(Lorg/apache/ibatis/migration/Change;Z)Ljava/io/Reader;" line="86"><counter type="INSTRUCTION" missed="15" covered="14"/><counter type="LINE" missed="2" covered="1"/><counter type="COMPLEXITY" missed="0" covered="1"/><counter type="METHOD" missed="0" covered="1"/></method><method name="getBootstrapReader" desc="()Ljava/io/Reader;" line="95"><counter type="INSTRUCTION" missed="9" covered="18"/><counter type="BRANCH" missed="1" covered="1"/><counter type="LINE" missed="3" covered="3"/><counter type="COMPLEXITY" missed="1" covered="1"/><counter type="METHOD" missed="0" covered="1"/></method><counter type="INSTRUCTION" missed="51" covered="151"/><counter type="BRANCH" missed="4" covered="12"/><counter type="LINE" missed="8" covered="31"/><counter type="COMPLEXITY" missed="4" covered="9"/><counter type="METHOD" missed="0" covered="5"/><counter type="CLASS" missed="0" covered="1"/></class><sourcefile name="MigrationReader.java"><line nr="37" mi="0" ci="5" mb="0" cb="0"/><line nr="42" mi="0" ci="9" mb="0" cb="0"/><line nr="43" mi="0" ci="1" mb="0" cb="0"/><line nr="45" mi="0" ci="2" mb="0" cb="0"/><line nr="46" mi="0" ci="5" mb="0" cb="0"/><line nr="47" mi="4" ci="6" mb="1" cb="1"/><line nr="49" mi="0" ci="5" mb="0" cb="0"/><line nr="50" mi="0" ci="4" mb="0" cb="0"/><line nr="51" mi="0" ci="4" mb="0" cb="0"/><line nr="52" mi="0" ci="2" mb="0" cb="0"/><line nr="54" mi="0" ci="5" mb="0" cb="2"/><line nr="55" mi="0" ci="5" mb="0" cb="2"/><line nr="56" mi="0" ci="4" mb="0" cb="2"/><line nr="57" mi="0" ci="2" mb="0" cb="0"/><line nr="59" mi="0" ci="5" mb="0" cb="0"/><line nr="61" mi="0" ci="4" mb="0" cb="0"/><line nr="62" mi="0" ci="5" mb="0" cb="0"/><line nr="64" mi="0" ci="2" mb="0" cb="2"/><line nr="65" mi="0" ci="10" mb="0" cb="0"/><line nr="67" mi="0" ci="9" mb="0" cb="0"/><line nr="70" mi="5" ci="2" mb="0" cb="0"/><line nr="71" mi="0" ci="1" mb="0" cb="0"/><line nr="72" mi="0" ci="1" mb="0" cb="0"/><line nr="76" mi="0" ci="7" mb="0" cb="0"/><line nr="81" mi="3" ci="0" mb="0" cb="0"/><line nr="82" mi="1" ci="0" mb="0" cb="0"/><line nr="85" mi="0" ci="5" mb="1" cb="3"/><line nr="86" mi="0" ci="5" mb="0" cb="0"/><line nr="88" mi="0" ci="6" mb="0" cb="0"/><line nr="94" mi="0" ci="10" mb="0" cb="0"/><line nr="95" mi="0" ci="50" mb="0" cb="0"/><line nr="100" mi="0" ci="1" mb="0" cb="0"/><line nr="101" mi="0" ci="19" mb="0" cb="0"/><line nr="104" mi="0" ci="14" mb="0" cb="4"/><line nr="109" mi="2" ci="10" mb="1" cb="1"/><counter type="INSTRUCTION" missed="15" covered="225"/><counter type="BRANCH" missed="3" covered="17"/><counter type="LINE" missed="2" covered="33"/><counter type="COMPLEXITY" missed="4" covered="17"/><counter type="METHOD" missed="1" covered="10"/><counter type="CLASS" missed="0" covered="3"/></sourcefile><sourcefile name="CommandLine.java"><line nr="29" mi="0" ci="3" mb="0" cb="0"/><line nr="32" mi="0" ci="2" mb="0" cb="0"/><line nr="33" mi="0" ci="3" mb="0" cb="0"/><line nr="34" mi="0" ci="1" mb="0" cb="0"/><line nr="37" mi="0" ci="4" mb="0" cb="0"/><line nr="39" mi="0" ci="7" mb="1" cb="3"/><line nr="40" mi="0" ci="2" mb="0" cb="0"/><line nr="41" mi="0" ci="1" mb="0" cb="0"/><line nr="42" mi="0" ci="3" mb="0" cb="0"/><line nr="44" mi="0" ci="2" mb="0" cb="0"/><line nr="45" mi="0" ci="12" mb="0" cb="0"/><line nr="46" mi="0" ci="3" mb="1" cb="1"/><line nr="47" mi="2" ci="0" mb="0" cb="0"/><line nr="49" mi="2" ci="0" mb="0" cb="0"/><line nr="51" mi="0" ci="1" mb="0" cb="0"/><line nr="54" mi="0" ci="3" mb="0" cb="0"/><line nr="56" mi="0" ci="7" mb="0" cb="0"/><line nr="57" mi="0" ci="11" mb="0" cb="0"/><line nr="58" mi="0" ci="7" mb="0" cb="0"/><line nr="60" mi="0" ci="2" mb="0" cb="0"/><line nr="61" mi="0" ci="2" mb="0" cb="0"/><line nr="64" mi="0" ci="5" mb="0" cb="0"/><line nr="65" mi="0" ci="9" mb="0" cb="0"/><line nr="66" mi="0" ci="2" mb="0" cb="0"/><line nr="67" mi="0" ci="2" mb="0" cb="0"/><line nr="68" mi="0" ci="3" mb="1" cb="1"/><line nr="69" mi="0" ci="3" mb="0" cb="0"/><line nr="71" mi="5" ci="0" mb="0" cb="0"/><line nr="73" mi="0" ci="1" mb="0" cb="0"/><line nr="74" mi="0" ci="14" mb="0" cb="0"/><line nr="75" mi="3" ci="27" mb="2" cb="2"/><line nr="76" mi="0" ci="32" mb="0" cb="0"/><line nr="77" mi="0" ci="26" mb="0" cb="0"/><line nr="78" mi="0" ci="4" mb="0" cb="0"/><line nr="79" mi="0" ci="14" mb="0" cb="0"/><line nr="80" mi="0" ci="2" mb="0" cb="0"/><line nr="81" mi="0" ci="1" mb="0" cb="0"/><line nr="84" mi="0" ci="2" mb="0" cb="0"/><line nr="85" mi="0" ci="2" mb="0" cb="0"/><line nr="86" mi="0" ci="8" mb="0" cb="0"/><line nr="87" mi="0" ci="5" mb="0" cb="0"/><line nr="89" mi="0" ci="17" mb="0" cb="0"/><line nr="90" mi="0" ci="1" mb="0" cb="0"/><line nr="93" mi="0" ci="6" mb="1" cb="3"/><line nr="94" mi="7" ci="0" mb="0" cb="0"/><line nr="95" mi="2" ci="0" mb="0" cb="0"/><line nr="98" mi="0" ci="6" mb="0" cb="0"/><line nr="102" mi="1" ci="9" mb="2" cb="2"/><line nr="104" mi="0" ci="2" mb="1" cb="1"/><line nr="105" mi="12" ci="0" mb="0" cb="0"/><line nr="108" mi="0" ci="2" mb="0" cb="0"/><line nr="112" mi="0" ci="4" mb="0" cb="0"/><line nr="113" mi="0" ci="3" mb="0" cb="0"/><line nr="114" mi="0" ci="7" mb="0" cb="0"/><line nr="115" mi="0" ci="7" mb="0" cb="0"/><line nr="116" mi="0" ci="7" mb="0" cb="0"/><line nr="117" mi="0" ci="7" mb="0" cb="0"/><line nr="118" mi="0" ci="7" mb="0" cb="0"/><line nr="119" mi="0" ci="7" mb="0" cb="0"/><line nr="120" mi="0" ci="7" mb="0" cb="0"/><line nr="121" mi="0" ci="7" mb="0" cb="0"/><line nr="122" mi="0" ci="7" mb="0" cb="0"/><line nr="123" mi="0" ci="7" mb="0" cb="0"/><line nr="124" mi="0" ci="7" mb="0" cb="0"/><line nr="125" mi="0" ci="7" mb="0" cb="0"/><line nr="126" mi="0" ci="7" mb="0" cb="0"/><line nr="127" mi="0" ci="4" mb="0" cb="0"/><line nr="128" mi="0" ci="3" mb="0" cb="0"/><line nr="129" mi="0" ci="7" mb="0" cb="0"/><line nr="130" mi="0" ci="7" mb="0" cb="0"/><line nr="131" mi="0" ci="7" mb="0" cb="0"/><line nr="132" mi="0" ci="4" mb="0" cb="0"/><line nr="133" mi="0" ci="3" mb="0" cb="0"/><line nr="134" mi="0" ci="7" mb="0" cb="0"/><line nr="135" mi="0" ci="7" mb="0" cb="0"/><line nr="136" mi="0" ci="7" mb="0" cb="0"/><line nr="137" mi="0" ci="1" mb="0" cb="0"/><counter type="INSTRUCTION" missed="34" covered="436"/><counter type="BRANCH" missed="9" covered="13"/><counter type="LINE" missed="6" covered="71"/><counter type="COMPLEXITY" missed="9" covered="9"/><counter type="METHOD" missed="0" covered="7"/><counter type="CLASS" missed="0" covered="1"/></sourcefile><sourcefile name="FileMigrationLoader.java"><line nr="37" mi="0" ci="2" mb="0" cb="0"/><line nr="38" mi="0" ci="3" mb="0" cb="0"/><line nr="39" mi="0" ci="3" mb="0" cb="0"/><line nr="40" mi="0" ci="3" mb="0" cb="0"/><line nr="41" mi="0" ci="1" mb="0" cb="0"/><line nr="45" mi="0" ci="4" mb="0" cb="0"/><line nr="46" mi="0" ci="4" mb="1" cb="1"/><line nr="47" mi="0" ci="4" mb="0" cb="0"/><line nr="48" mi="0" ci="2" mb="1" cb="1"/><line nr="49" mi="13" ci="0" mb="0" cb="0"/><line nr="51" mi="0" ci="2" mb="0" cb="0"/><line nr="52" mi="0" ci="16" mb="0" cb="2"/><line nr="53" mi="0" ci="8" mb="1" cb="3"/><line nr="54" mi="0" ci="4" mb="0" cb="0"/><line nr="55" mi="0" ci="4" mb="0" cb="0"/><line nr="59" mi="0" ci="2" mb="0" cb="0"/><line nr="64" mi="0" ci="4" mb="0" cb="0"/><line nr="65" mi="0" ci="4" mb="0" cb="0"/><line nr="66" mi="0" ci="7" mb="0" cb="0"/><line nr="67" mi="0" ci="8" mb="0" cb="0"/><line nr="68" mi="0" ci="4" mb="0" cb="0"/><line nr="69" mi="0" ci="8" mb="0" cb="2"/><line nr="70" mi="0" ci="3" mb="0" cb="2"/><line nr="71" mi="0" ci="4" mb="0" cb="0"/><line nr="73" mi="0" ci="6" mb="0" cb="0"/><line nr="75" mi="0" ci="4" mb="0" cb="0"/><line nr="76" mi="0" ci="3" mb="0" cb="0"/><line nr="77" mi="0" ci="2" mb="0" cb="0"/><line nr="78" mi="1" ci="0" mb="0" cb="0"/><line nr="79" mi="13" ci="0" mb="0" cb="0"/><line nr="86" mi="0" ci="14" mb="0" cb="0"/><line nr="87" mi="1" ci="0" mb="0" cb="0"/><line nr="88" mi="14" ci="0" mb="0" cb="0"/><line nr="95" mi="0" ci="5" mb="0" cb="0"/><line nr="96" mi="0" ci="3" mb="1" cb="1"/><line nr="97" mi="0" ci="10" mb="0" cb="0"/><line nr="99" mi="2" ci="0" mb="0" cb="0"/><line nr="100" mi="1" ci="0" mb="0" cb="0"/><li
[...]
shouldRun" desc="(Lorg/apache/ibatis/migration/Change;Ljava/math/BigDecimal;Ljava/math/BigDecimal;)Z" line="95"><counter type="INSTRUCTION" missed="0" covered="31"/><counter type="BRANCH" missed="0" covered="10"/><counter type="LINE" missed="0" covered="4"/><counter type="COMPLEXITY" missed="0" covered="6"/><counter type="METHOD" missed="0" covered="1"/></method><method name="getDelimiter" desc="()Ljava/lang/String;" line="105"><counter type="INSTRUCTION" missed="4" covered="23"/><counter type="BRANCH" missed="1" covered="1"/><counter type="LINE" missed="0" covered="5"/><counter type="COMPLEXITY" missed="1" covered="1"/><counter type="METHOD" missed="0" covered="1"/></method><counter type="INSTRUCTION" missed="28" covered="262"/><counter type="BRANCH" missed="6" covered="30"/><counter type="LINE" missed="4" covered="42"/><counter type="COMPLEXITY" missed="6" covered="18"/><counter type="METHOD" missed="0" covered="6"/><counter type="CLASS" missed="0" covered="1"/></class><sourcefile name="BaseCommand.java"><line nr="54" mi="0" ci="3" mb="0" cb="0"/><line nr="60" mi="0" ci="2" mb="0" cb="0"/><line nr="61" mi="0" ci="3" mb="0" cb="0"/><line nr="62" mi="0" ci="4" mb="0" cb="0"/><line nr="63" mi="0" ci="1" mb="0" cb="0"/><line nr="66" mi="3" ci="0" mb="0" cb="0"/><line nr="67" mi="1" ci="0" mb="0" cb="0"/><line nr="70" mi="3" ci="0" mb="0" cb="0"/><line nr="71" mi="1" ci="0" mb="0" cb="0"/><line nr="74" mi="2" ci="18" mb="4" cb="4"/><line nr="78" mi="0" ci="5" mb="0" cb="0"/><line nr="79" mi="0" ci="2" mb="1" cb="1"/><line nr="80" mi="2" ci="0" mb="0" cb="0"/><line nr="82" mi="0" ci="2" mb="0" cb="0"/><line nr="88" mi="0" ci="2" mb="0" cb="0"/><line nr="89" mi="1" ci="0" mb="0" cb="0"/><line nr="91" mi="0" ci="1" mb="0" cb="0"/><line nr="92" mi="0" ci="5" mb="0" cb="0"/><line nr="93" mi="0" ci="2" mb="1" cb="1"/><line nr="94" mi="2" ci="0" mb="0" cb="0"/><line nr="96" mi="0" ci="5" mb="0" cb="0"/><line nr="97" mi="0" ci="4" mb="0" cb="0"/><line nr="98" mi="0" ci="4" mb="0" cb="0"/><line nr="99" mi="0" ci="4" mb="0" cb="0"/><line nr="103" mi="0" ci="5" mb="0" cb="0"/><line nr="104" mi="0" ci="1" mb="0" cb="0"/><line nr="107" mi="0" ci="12" mb="0" cb="0"/><line nr="109" mi="0" ci="9" mb="0" cb="0"/><line nr="111" mi="0" ci="8" mb="0" cb="0"/><line nr="114" mi="0" ci="5" mb="0" cb="2"/><line nr="115" mi="0" ci="4" mb="0" cb="0"/><line nr="116" mi="0" ci="4" mb="0" cb="0"/><line nr="119" mi="5" ci="2" mb="0" cb="0"/><line nr="120" mi="0" ci="1" mb="0" cb="0"/><line nr="122" mi="5" ci="2" mb="0" cb="0"/><line nr="123" mi="0" ci="1" mb="0" cb="0"/><line nr="124" mi="1" ci="0" mb="0" cb="0"/><line nr="125" mi="22" ci="0" mb="0" cb="0"/><line nr="126" mi="0" ci="1" mb="0" cb="0"/><line nr="127" mi="0" ci="1" mb="0" cb="0"/><line nr="130" mi="0" ci="12" mb="0" cb="0"/><line nr="132" mi="0" ci="5" mb="0" cb="0"/><line nr="133" mi="0" ci="3" mb="0" cb="0"/><line nr="134" mi="1" ci="0" mb="0" cb="0"/><line nr="135" mi="22" ci="0" mb="0" cb="0"/><line nr="136" mi="0" ci="1" mb="0" cb="0"/><line nr="137" mi="0" ci="1" mb="0" cb="0"/><line nr="140" mi="0" ci="15" mb="0" cb="0"/><line nr="144" mi="0" ci="3" mb="0" cb="0"/><line nr="145" mi="0" ci="3" mb="1" cb="1"/><line nr="146" mi="13" ci="0" mb="0" cb="0"/><line nr="148" mi="0" ci="2" mb="0" cb="0"/><line nr="152" mi="0" ci="2" mb="0" cb="0"/><line nr="154" mi="0" ci="3" mb="0" cb="0"/><line nr="155" mi="0" ci="4" mb="0" cb="0"/><line nr="156" mi="0" ci="5" mb="0" cb="0"/><line nr="157" mi="0" ci="3" mb="0" cb="0"/><line nr="158" mi="0" ci="2" mb="0" cb="0"/><line nr="159" mi="1" ci="0" mb="0" cb="0"/><line nr="160" mi="13" ci="0" mb="0" cb="0"/><line nr="162" mi="3" ci="2" mb="3" cb="1"/><line nr="164" mi="2" ci="2" mb="0" cb="0"/><line nr="165" mi="2" ci="0" mb="0" cb="0"/><line nr="167" mi="3" ci="3" mb="0" cb="0"/><line nr="173" mi="1" ci="8" mb="1" cb="1"/><line nr="174" mi="0" ci="6" mb="1" cb="3"/><line nr="175" mi="0" ci="2" mb="0" cb="0"/><line nr="178" mi="0" ci="3" mb="0" cb="0"/><line nr="179" mi="1" ci="0" mb="0" cb="0"/><line nr="180" mi="14" ci="0" mb="0" cb="0"/><line nr="187" mi="0" ci="3" mb="0" cb="0"/><line nr="188" mi="0" ci="4" mb="0" cb="0"/><line nr="189" mi="0" ci="4" mb="0" cb="0"/><line nr="190" mi="0" ci="4" mb="0" cb="0"/><line nr="191" mi="0" ci="4" mb="0" cb="0"/><line nr="193" mi="0" ci="10" mb="0" cb="0"/><line nr="194" mi="0" ci="5" mb="0" cb="0"/><line nr="195" mi="1" ci="0" mb="0" cb="0"/><line nr="196" mi="13" ci="0" mb="0" cb="0"/><line nr="201" mi="0" ci="3" mb="0" cb="0"/><line nr="202" mi="0" ci="3" mb="1" cb="1"/><line nr="203" mi="3" ci="0" mb="0" cb="0"/><line nr="204" mi="0" ci="3" mb="1" cb="1"/><line nr="206" mi="4" ci="0" mb="0" cb="0"/><line nr="207" mi="17" ci="0" mb="2" cb="0"/><line nr="208" mi="3" ci="0" mb="0" cb="0"/><line nr="209" mi="4" ci="0" mb="2" cb="0"/><line nr="210" mi="9" ci="0" mb="0" cb="0"/><line nr="212" mi="16" ci="0" mb="0" cb="0"/><line nr="213" mi="14" ci="0" mb="0" cb="0"/><line nr="215" mi="7" ci="0" mb="0" cb="0"/><line nr="216" mi="5" ci="0" mb="0" cb="0"/><line nr="217" mi="1" ci="0" mb="0" cb="0"/><line nr="218" mi="13" ci="0" mb="0" cb="0"/><line nr="221" mi="0" ci="2" mb="0" cb="0"/><line nr="225" mi="0" ci="5" mb="0" cb="0"/><line nr="226" mi="3" ci="2" mb="3" cb="1"/><line nr="227" mi="5" ci="0" mb="0" cb="0"/><line nr="229" mi="0" ci="5" mb="0" cb="0"/><line nr="234" mi="0" ci="13" mb="0" cb="0"/><line nr="238" mi="0" ci="4" mb="0" cb="0"/><line nr="239" mi="0" ci="4" mb="0" cb="0"/><line nr="240" mi="0" ci="3" mb="0" cb="0"/><line nr="241" mi="1" ci="8" mb="1" cb="1"/><line nr="242" mi="0" ci="3" mb="0" cb="0"/><line nr="243" mi="0" ci="7" mb="0" cb="0"/><line nr="244" mi="0" ci="7" mb="0" cb="0"/><line nr="245" mi="0" ci="7" mb="0" cb="0"/><line nr="246" mi="0" ci="7" mb="0" cb="0"/><line nr="247" mi="0" ci="4" mb="0" cb="0"/><line nr="248" mi="2" ci="5" mb="1" cb="1"/><line nr="249" mi="0" ci="2" mb="0" cb="0"/><counter type="INSTRUCTION" missed="245" covered="344"/><counter type="BRANCH" missed="23" covered="19"/><counter type="LINE" missed="32" covered="80"/><counter type="COMPLEXITY" missed="21" covered="18"/><counter type="METHOD" missed="2" covered="16"/><counter type="CLASS" missed="0" covered="1"/></sourcefile><sourcefile name="InfoCommand.java"><line nr="26" mi="2" ci="0" mb="0" cb="0"/><line nr="27" mi="3" ci="0" mb="0" cb="0"/><line nr="28" mi="1" ci="0" mb="0" cb="0"/><line nr="32" mi="4" ci="0" mb="0" cb="0"/><line nr="33" mi="6" ci="0" mb="0" cb="0"/><line nr="36" mi="2" ci="0" mb="2" cb="0"/><line nr="38" mi="3" ci="0" mb="0" cb="0"/><line nr="39" mi="1" ci="0" mb="0" cb="0"/><line nr="42" mi="1" ci="0" mb="0" cb="0"/><line nr="43" mi="6" ci="0" mb="0" cb="0"/><line nr="44" mi="3" ci="0" mb="0" cb="0"/><line nr="46" mi="5" ci="0" mb="0" cb="0"/><line nr="47" mi="2" ci="0" mb="0" cb="0"/><line nr="50" mi="25" ci="0" mb="0" cb="0"/><line nr="54" mi="17" ci="0" mb="0" cb="0"/><line nr="57" mi="12" ci="0" mb="0" cb="0"/><line nr="58" mi="22" ci="0" mb="0" cb="0"/><line nr="62" mi="26" ci="0" mb="0" cb="0"/><line nr="67" mi="1" ci="0" mb="0" cb="0"/><line nr="70" mi="4" ci="0" mb="0" cb="0"/><line nr="71" mi="3" ci="0" mb="0" cb="0"/><line nr="73" mi="5" ci="0" mb="2" cb="0"/><line nr="74" mi="2" ci="0" mb="0" cb="0"/><line nr="75" mi="5" ci="0" mb="2" cb="0"/><line nr="76" mi="2" ci="0" mb="0" cb="0"/><line nr="77" mi="10" ci="0" mb="4" cb="0"/><line nr="78" mi="2" ci="0" mb="0" cb="0"/><line nr="79" mi="5" ci="0" mb="2" cb="0"/><line nr="80" mi="2" ci="0" mb="0" cb="0"/><line nr="81" mi="4" ci="0" mb="2" cb="0"/><line nr="82" mi="2" ci="0" mb="0" cb="0"/><line nr="83" mi="5" ci="0" mb="2" cb="0"/><line nr="84" mi="4" ci="0" mb="2" cb="0"/><line nr="85" mi="2" ci="0" mb="0" cb="0"/><line nr="87" mi="2" ci="0" mb="0" cb="0"/><line nr="88" mi="5" ci="0" mb="2" cb="0"/><line nr="89" mi="2" ci="0" mb="0" cb="0"/><line nr="90" mi="5" ci="0" mb="2" cb="0"/><line nr="91" mi="2" ci="0" mb="0" cb="0"/><line nr="92" mi="4" ci="0" mb="2" cb="0"/><line nr="93" mi="2" ci="0" mb="0" cb="0"/><line nr="96" mi="2" ci="0" mb="0" cb="0"/><counter type="INSTRUCTION" missed="223" covered="0"/><counter type="BRANCH" missed="24" covered="0"/><counter type="LINE" missed="42" covered="0"/><counter type="COMPLEXITY" missed="15" covered="0"/><counter type="METHOD" missed="3" covered="0"/><counter type="CLASS" missed="1" covered="0"/></sourcefile><sourcefile name="Commands.java"><line nr="21" mi="5" ci="52" mb="0" cb="0"/><line nr="22" mi="0" ci="6" mb="0" cb="0"/><line nr="23" mi="0" ci="6" mb="0" cb="0"/><line nr="24" mi="0" ci="6" mb="0" cb="0"/><line nr="25" mi="0" ci="6" mb="0" cb="0"/><line nr="26" mi="0" ci="6" mb="0" cb="0"/><line nr="27" mi="0" ci="6" mb="0" cb="0"/><line nr="28" mi="0" ci="6" mb="0" cb="0"/><line nr="29" mi="0" ci="6" mb="0" cb="0"/><line nr="30" mi="0" ci="6" mb="0" cb="0"/><line nr="31" mi="0" ci="6" mb="0" cb="0"/><line nr="34" mi="0" ci="16" mb="1" cb="1"/><line nr="35" mi="0" ci="5" mb="0" cb="2"/><line nr="36" mi="0" ci="4" mb="0" cb="0"/><line nr="40" mi="12" ci="0" mb="0" cb="0"/><line nr="44" mi="10" ci="70" mb="2" cb="9"/><line nr="46" mi="5" ci="0" mb="0" cb="0"/><line nr="48" mi="0" ci="5" mb="0" cb="0"/><line nr="50" mi="0" ci="5" mb="0" cb="0"/><line nr="52" mi="0" ci="5" mb="0" cb="0"/><line nr="54" mi="0" ci="5" mb="0" cb="0"/><line nr="56" mi="0" ci="5" mb="0" cb="0"/><line nr="58" mi="0" ci="5" mb="0" cb="0"/><line nr="60" mi="0" ci="5" mb="0" cb="0"/><line nr="62" mi="0" ci="5" mb="0" cb="0"/><line nr="64" mi="0" ci="5" mb="0" cb="0"/><line nr="66" mi="7" ci="1" mb="0" cb="0"/><line nr="69" mi="3" ci="0" mb="0" cb="0"/><line nr="70" mi="1" ci="0" mb="0" cb="0"/><counter type="INSTRUCTION" missed="43" covered="253"/><counter type="BRANCH" missed="3" covered="12"/><counter type="LINE" missed="4" covered="25"/><counter type="COMPLEXITY" missed="6" covered="15"/><counter type="METHOD" missed="3" covered="6"/><counter type="CLASS" missed="1" covered="2"/></sourcefile><sourcefile name="VersionCommand.java"><line nr="26" mi="0" ci="3" mb="0" cb="0"/><line nr="27" mi="0" ci="1" mb="0" cb="0"/><line nr="31" mi="0" ci="3" mb="0" cb="0"/><line nr="32" mi="0" ci="3" mb="0" cb="0"/><line nr="34" mi="0" ci="10" mb="0" cb="0"/><line nr="35" mi="0" ci="11" mb="0" cb="0"/><line nr="36" mi="0" ci="1" mb="0" cb="0"/><line nr="39" mi="0" ci="4" mb="1" cb="1"/><line nr="40" mi="5" ci="0" mb="0" cb="0"/><line nr="42" mi="0" ci="1" mb="0" cb="0"/><line nr="46" mi="0" ci="7" mb="0" cb="0"/><line nr="47" mi="1" ci="0" mb="0" cb="0"/><line nr="48" mi="13" ci="0" mb="0" cb="0"/><line nr="49" mi="0" ci="1" mb="0" cb="0"/><line nr="50" mi="0" ci="1" mb="0" cb="0"/><counter type="INSTRUCTION" missed="19" covered="46"/><counter type="BRANCH" missed="1" covered="1"/><counter type="LINE" missed="3" covered="12"/><counter type="COMPLEXITY" missed="1" covered="4"/><counter type="METHOD" missed="0" covered="4"/><counter type="CLASS" missed="0" covered="1"/></sourcefile><sourcefile name="DownCommand.java"><line nr="23" mi="0" ci="3" mb="0" cb="0"/><line nr="24" mi="0" ci="1" mb="0" cb="0"/><line nr="28" mi="0" ci="9" mb="0" cb="0"/><line nr="29" mi="0" ci="11" mb="0" cb="0"/><line nr="30" mi="0" ci="1" mb="0" cb="0"/><counter type="INSTRUCTION" missed="0" covered="25"/><counter type="LINE" missed="0" covered="5"/><counter type="COMPLEXITY" missed="0" covered="2"/><counter type="METHOD" missed="0" covered="2"/><counter type="CLASS" missed="0" covered="1"/></sourcefile><sourcefile name="PendingCommand.java"><line nr="23" mi="0" ci="3" mb="0" cb="0"/><line nr="24" mi="0" ci="1" mb="0" cb="0"/><line nr="28" mi="0" ci="4" mb="0" cb="0"/><line nr="29" mi="0" ci="11" mb="0" cb="0"/><line nr="30" mi="0" ci="1" mb="0" cb="0"/><counter type="INSTRUCTION" missed="0" covered="20"/><counter type="LINE" missed="0" covered="5"/><counter type="COMPLEXITY" missed="0" covered="2"/><counter type="METHOD" missed="0" covered="2"/><counter type="CLASS" missed="0" covered="1"/></sourcefile><sourcefile name="StatusCommand.java"><line nr="25" mi="0" ci="3" mb="0" cb="0"/><line nr="26" mi="0" ci="1" mb="0" cb="0"/><line nr="30" mi="0" ci="14" mb="0" cb="0"/><line nr="31" mi="0" ci="1" mb="0" cb="0"/><line nr="34" mi="3" ci="0" mb="0" cb="0"/><counter type="INSTRUCTION" missed="3" covered="19"/><counter type="LINE" missed="1" covered="4"/><counter type="COMPLEXITY" missed="1" covered="2"/><counter type="METHOD" missed="1" covered="2"/><counter type="CLASS" missed="0" covered="1"/></sourcefile><sourcefile name="ScriptCommand.java"><line nr="34" mi="0" ci="3" mb="0" cb="0"/><line nr="35" mi="0" ci="1" mb="0" cb="0"/><line nr="40" mi="0" ci="10" mb="3" cb="3"/><line nr="41" mi="5" ci="0" mb="0" cb="0"/><line nr="43" mi="0" ci="7" mb="0" cb="0"/><line nr="44" mi="0" ci="4" mb="1" cb="1"/><line nr="45" mi="5" ci="0" mb="0" cb="0"/><line nr="47" mi="0" ci="6" mb="0" cb="0"/><line nr="48" mi="0" ci="6" mb="0" cb="0"/><line nr="49" mi="0" ci="4" mb="0" cb="0"/><line nr="50" mi="0" ci="2" mb="0" cb="2"/><line nr="51" mi="0" ci="5" mb="0" cb="0"/><line nr="53" mi="0" ci="6" mb="0" cb="2"/><line nr="54" mi="0" ci="4" mb="0" cb="0"/><line nr="55" mi="0" ci="2" mb="0" cb="0"/><line nr="56" mi="0" ci="2" mb="0" cb="2"/><line nr="57" mi="0" ci="2" mb="0" cb="0"/><line nr="59" mi="0" ci="10" mb="0" cb="2"/><line nr="60" mi="0" ci="6" mb="0" cb="2"/><line nr="61" mi="0" ci="12" mb="0" cb="0"/><line nr="62" mi="0" ci="6" mb="0" cb="0"/><line nr="63" mi="0" ci="3" mb="0" cb="0"/><line nr="65" mi="0" ci="8" mb="0" cb="2"/><line nr="66" mi="0" ci="10" mb="0" cb="0"/><line nr="69" mi="0" ci="2" mb="1" cb="1"/><line nr="70" mi="0" ci="11" mb="0" cb="0"/><line nr="72" mi="0" ci="3" mb="0" cb="0"/><line nr="73" mi="0" ci="3" mb="0" cb="0"/><line nr="74" mi="0" ci="12" mb="0" cb="2"/><line nr="75" mi="0" ci="3" mb="0" cb="0"/><line nr="77" mi="0" ci="1" mb="0" cb="0"/><line nr="78" mi="1" ci="0" mb="0" cb="0"/><line nr="79" mi="13" ci="0" mb="0" cb="0"/><line nr="80" mi="0" ci="1" mb="0" cb="0"/><line nr="82" mi="0" ci="1" mb="0" cb="0"/><line nr="85" mi="0" ci="34" mb="0" cb="0"/><line nr="91" mi="0" ci="18" mb="0" cb="0"/><line nr="95" mi="0" ci="3" mb="0" cb="0"/><line nr="96" mi="0" ci="4" mb="0" cb="2"/><line nr="97" mi="0" ci="12" mb="0" cb="4"/><line nr="99" mi="0" ci="12" mb="0" cb="4"/><line nr="105" mi="0" ci="3" mb="0" cb="0"/><line nr="106" mi="0" ci="4" mb="0" cb="0"/><line nr="107" mi="4" ci="6" mb="1" cb="1"/><line nr="108" mi="0" ci="7" mb="0" cb="0"/><line nr="109" mi="0" ci="3" mb="0" cb="0"/><counter type="INSTRUCTION" missed="28" covered="262"/><counter type="BRANCH" missed="6" covered="30"/><counter type="LINE" missed="4" covered="42"/><counter type="COMPLEXITY" missed="6" covered="18"/><counter type="METHOD" missed="0" covered="6"/><counter type="CLASS" missed="0" covered="1"/></sourcefile><sourcefile name="NewCommand.java"><line nr="34" mi="0" ci="3" mb="0" cb="0"/><line nr="35" mi="0" ci="1" mb="0" cb="0"/><line nr="39" mi="0" ci="4" mb="1" cb="1"/><line nr="40" mi="5" ci="0" mb="0" cb="0"/><line nr="42" mi="0" ci="4" mb="0" cb="0"/><line nr="43" mi="0" ci="4" mb="0" cb="0"/><line nr="44" mi="0" ci="5" mb="0" cb="0"/><line nr="45" mi="0" ci="3" mb="0" cb="0"/><line nr="46" mi="0" ci="17" mb="0" cb="0"/><line nr="47" mi="0" ci="2" mb="0" cb="0"/><line nr="48" mi="0" ci="3" mb="0" cb="0"/><line nr="51" mi="0" ci="2" mb="1" cb="1"/><line nr="52" mi="0" ci="3" mb="0" cb="0"/><line nr="55" mi="0" ci="4" mb="0" cb="2"/><line nr="56" mi="0" ci="11" mb="0" cb="0"/><line nr="57" mi="0" ci="6" mb="1" cb="3"/><line nr="60" mi="13" ci="0" mb="0" cb="0"/><line nr="63" mi="17" ci="0" mb="0" cb="0"/><line nr="65" mi="0" ci="1" mb="0" cb="0"/><line nr="66" mi="0" ci="5" mb="0" cb="0"/><line nr="68" mi="0" ci="4" mb="0" cb="0"/><line nr="69" mi="1" ci="1" mb="0" cb="0"/><line nr="71" mi="0" ci="4" mb="0" cb="0"/><line nr="74" mi="0" ci="4" mb="0" cb="0"/><line nr="75" mi="0" ci="3" mb="0" cb="0"/><line nr="76" mi="0" ci="1" mb="0" cb="0"/><line nr="79" mi="0" ci="9" mb="0" cb="0"/><line nr="82" mi="0" ci="1" mb="0" cb="0"/><counter type="INSTRUCTION" missed="36" covered="105"/><counter type="BRANCH" missed="3" covered="7"/><counter type="LINE" missed="3" covered="25"/><counter type="COMPLEXITY" missed="3" covered="5"/><counter type="METHOD" missed="0" covered="3"/><counter type="CLASS" missed="0" covered="1"/></sourcefile><sourcefile name="BootstrapCommand.java"><line nr="23" mi="0" ci="3" mb="0" cb="0"/><line nr="24" mi="0" ci="1" mb="0" cb="0"/><line nr="28" mi="0" ci="7" mb="0" cb="0"/><line nr="29" mi="0" ci="11" mb="0" cb="0"/><line nr="30" mi="0" ci="1" mb="0" cb="0"/><counter type="INSTRUCTION" missed="0" covered="23"/><counter type="LINE" missed="0" covered="5"/><counter type="COMPLEXITY" missed="0" covered="2"/><counter type="METHOD" missed="0" covered="2"/><counter type="CLASS" missed="0" covered="1"/></sourcefile><sourcefile name="InitializeCommand.java"><line nr="27" mi="0" ci="3" mb="0" cb="0"/><line nr="28" mi="0" ci="1" mb="0" cb="0"/><line nr="33" mi="0" ci="4" mb="0" cb="0"/><line nr="34" mi="0" ci="4" mb="0" cb="0"/><line nr="36" mi="0" ci="11" mb="0" cb="0"/><line nr="38" mi="0" ci="3" mb="0" cb="0"/><line nr="39" mi="0" ci="3" mb="0" cb="0"/><line nr="41" mi="0" ci="5" mb="0" cb="0"/><line nr="42" mi="0" ci="3" mb="0" cb="0"/><line nr="43" mi="0" ci="5" mb="0" cb="0"/><line nr="45" mi="0" ci="6" mb="0" cb="0"/><line nr="46" mi="0" ci="5" mb="0" cb="0"/><line nr="47" mi="0" ci="6" mb="0" cb="0"/><line nr="48" mi="0" ci="14" mb="0" cb="0"/><line nr="50" mi="0" ci="18" mb="0" cb="0"/><line nr="52" mi="0" ci="5" mb="0" cb="0"/><line nr="54" mi="0" ci="5" mb="0" cb="0"/><line nr="55" mi="0" ci="1" mb="0" cb="0"/><line nr="57" mi="0" ci="4" mb="0" cb="0"/><line nr="58" mi="0" ci="3" mb="0" cb="0"/><line nr="59" mi="0" ci="1" mb="0" cb="0"/><line nr="62" mi="0" ci="3" mb="0" cb="0"/><line nr="63" mi="0" ci="3" mb="1" cb="1"/><line nr="64" mi="16" ci="0" mb="2" cb="0"/><line nr="65" mi="4" ci="0" mb="2" cb="0"/><line nr="66" mi="13" ci="0" mb="0" cb="0"/><line nr="71" mi="0" ci="1" mb="0" cb="0"/><line nr="74" mi="0" ci="3" mb="0" cb="2"/><line nr="75" mi="0" ci="12" mb="0" cb="0"/><line nr="76" mi="0" ci="3" mb="1" cb="1"/><line nr="77" mi="5" ci="0" mb="0" cb="0"/><line nr="81" mi="0" ci="1" mb="0" cb="0"/><counter type="INSTRUCTION" missed="38" covered="136"/><counter type="BRANCH" missed="6" covered="4"/><counter type="LINE" missed="4" covered="28"/><counter type="COMPLEXITY" missed="4" covered="6"/><counter type="METHOD" missed="0" covered="5"/><counter type="CLASS" missed="0" covered="2"/></sourcefile><sourcefile name="UpCommand.java"><line nr="25" mi="0" ci="4" mb="0" cb="0"/><line nr="26" mi="0" ci="1" mb="0" cb="0"/><line nr="29" mi="0" ci="3" mb="0" cb="0"/><line nr="30" mi="0" ci="3" mb="0" cb="0"/><line nr="31" mi="0" ci="1" mb="0" cb="0"/><line nr="35" mi="0" ci="5" mb="0" cb="0"/><line nr="36" mi="2" ci="9" mb="1" cb="1"/><line nr="37" mi="0" ci="11" mb="0" cb="0"/><line nr="38" mi="0" ci="1" mb="0" cb="0"/><counter type="INSTRUCTION" missed="2" covered="38"/><counter type="BRANCH" missed="1" covered="1"/><counter type="LINE" missed="0" covered="9"/><counter type="COMPLEXITY" missed="1" covered="3"/><counter type="METHOD" missed="0" covered="3"/><counter type="CLASS" missed="0" covered="1"/></sourcefile><counter type="INSTRUCTION" missed="637" covered="1271"/><counter type="BRANCH" missed="67" covered="74"/><counter type="LINE" missed="93" covered="240"/><counter type="COMPLEXITY" missed="58" covered="77"/><counter type="METHOD" missed="9" covered="51"/><counter type="CLASS" missed="2" covered="13"/></package><counter type="INSTRUCTION" missed="1108" covered="3943"/><counter type="BRANCH" missed="123" covered="240"/><counter type="LINE" missed="163" covered="793"/><counter type="COMPLEXITY" missed="127" covered="272"/><counter type="METHOD" missed="22" covered="187"/><counter type="CLASS" missed="2" covered="39"/></report>